Command line invocation:
    /Applications/Xcode-beta.app/Contents/Developer/usr/bin/xcodebuild -scheme BooksTracker -destination "platform=iOS Simulator,name=iPhone 17 Pro" -configuration Debug build -parallelizeTargets -jobs 2

Resolve Package Graph


Resolved source packages:
  BooksTrackerFeature: /Users/juju/dev_repos/books-v3/BooksTrackerPackage

Build Preparation
Build task concurrency set to 2 via user default IDEBuildOperationMaxNumberOfConcurrentCompileTasks

ComputePackagePrebuildTargetDependencyGraph

Prepare packages

CreateBuildRequest

SendProjectDescription

CreateBuildOperation

ComputeTargetDependencyGraph
note: Building targets in dependency order
note: Target dependency graph (4 targets)
    Target 'BooksTracker' in project 'BooksTracker'
        ➜ Explicit dependency on target 'BooksTrackerWidgetsExtension' in project 'BooksTracker'
        ➜ Explicit dependency on target 'BooksTrackerFeature' in project 'BooksTrackerFeature'
    Target 'BooksTrackerWidgetsExtension' in project 'BooksTracker'
        ➜ Explicit dependency on target 'BooksTrackerFeature' in project 'BooksTrackerFeature'
    Target 'BooksTrackerFeature' in project 'BooksTrackerFeature'
        ➜ Explicit dependency on target 'BooksTrackerFeature' in project 'BooksTrackerFeature'
    Target 'BooksTrackerFeature' in project 'BooksTrackerFeature' (no dependencies)

GatherProvisioningInputs

CreateBuildDescription

ExecuteExternalTool /Applications/Xcode-beta.app/Contents/Developer/Toolchains/XcodeDefault.xctoolchain/usr/bin/clang -v -E -dM -isysroot /Applications/Xcode-beta.app/Contents/Developer/Platforms/iPhoneSimulator.platform/Developer/SDKs/iPhoneSimulator26.2.sdk -x c -c /dev/null

ExecuteExternalTool /Applications/Xcode-beta.app/Contents/Developer/usr/bin/actool --version --output-format xml1

ExecuteExternalTool /Applications/Xcode-beta.app/Contents/Developer/usr/bin/actool --print-asset-tag-combinations --output-format xml1 /Users/juju/dev_repos/books-v3/BooksTracker/Assets.xcassets

ExecuteExternalTool /Applications/Xcode-beta.app/Contents/Developer/Toolchains/XcodeDefault.xctoolchain/usr/bin/swiftc --version

ExecuteExternalTool /Applications/Xcode-beta.app/Contents/Developer/Toolchains/XcodeDefault.xctoolchain/usr/bin/ld -version_details

Build description signature: d681734612b018a8b8df42d1a0609d0f
Build description path: /Users/juju/Library/Developer/Xcode/DerivedData/BooksTracker-bobjtxwhtfhvougqiffoybcdmwam/Build/Intermediates.noindex/XCBuildData/d681734612b018a8b8df42d1a0609d0f.xcbuilddata
ClangStatCache /Applications/Xcode-beta.app/Contents/Developer/Toolchains/XcodeDefault.xctoolchain/usr/bin/clang-stat-cache /Applications/Xcode-beta.app/Contents/Developer/Platforms/iPhoneSimulator.platform/Developer/SDKs/iPhoneSimulator26.2.sdk /Users/juju/Library/Developer/Xcode/DerivedData/SDKStatCaches.noindex/iphonesimulator26.2-23C5044a-c6bb09c85eeb1a59968f08cee6a58242.sdkstatcache
    cd /Users/juju/dev_repos/books-v3/BooksTracker.xcodeproj
    /Applications/Xcode-beta.app/Contents/Developer/Toolchains/XcodeDefault.xctoolchain/usr/bin/clang-stat-cache /Applications/Xcode-beta.app/Contents/Developer/Platforms/iPhoneSimulator.platform/Developer/SDKs/iPhoneSimulator26.2.sdk -o /Users/juju/Library/Developer/Xcode/DerivedData/SDKStatCaches.noindex/iphonesimulator26.2-23C5044a-c6bb09c85eeb1a59968f08cee6a58242.sdkstatcache

SwiftDriver BooksTrackerFeature normal arm64 com.apple.xcode.tools.swift.compiler (in target 'BooksTrackerFeature' from project 'BooksTrackerFeature')
    cd /Users/juju/dev_repos/books-v3/BooksTracker.xcodeproj
    builtin-SwiftDriver -- /Applications/Xcode-beta.app/Contents/Developer/Toolchains/XcodeDefault.xctoolchain/usr/bin/swiftc -module-name BooksTrackerFeature -Onone -enforce-exclusivity\=checked @/Users/juju/Library/Developer/Xcode/DerivedData/BooksTracker-bobjtxwhtfhvougqiffoybcdmwam/Build/Intermediates.noindex/BooksTrackerFeature.build/Debug-iphonesimulator/BooksTrackerFeature.build/Objects-normal/arm64/BooksTrackerFeature.SwiftFileList -DSWIFT_PACKAGE -DDEBUG -DSWIFT_MODULE_RESOURCE_BUNDLE_UNAVAILABLE -DXcode -plugin-path /Applications/Xcode-beta.app/Contents/Developer/Toolchains/XcodeDefault.xctoolchain/usr/lib/swift/host/plugins/testing -enable-experimental-feature DebugDescriptionMacro -sdk /Applications/Xcode-beta.app/Contents/Developer/Platforms/iPhoneSimulator.platform/Developer/SDKs/iPhoneSimulator26.2.sdk -target arm64-apple-ios26.0-simulator -g -module-cache-path /Users/juju/Library/Developer/Xcode/DerivedData/ModuleCache.noindex -Xfrontend -serialize-debugging-options -profile-coverage-mapping -profile-generate -enable-testing -index-store-path /Users/juju/Library/Developer/Xcode/DerivedData/BooksTracker-bobjtxwhtfhvougqiffoybcdmwam/Index.noindex/DataStore -Xcc -D_LIBCPP_HARDENING_MODE\=_LIBCPP_HARDENING_MODE_DEBUG -swift-version 6 -I /Users/juju/Library/Developer/Xcode/DerivedData/BooksTracker-bobjtxwhtfhvougqiffoybcdmwam/Build/Products/Debug-iphonesimulator -Isystem /Applications/Xcode-beta.app/Contents/Developer/Platforms/iPhoneSimulator.platform/Developer/usr/lib -F /Users/juju/Library/Developer/Xcode/DerivedData/BooksTracker-bobjtxwhtfhvougqiffoybcdmwam/Build/Products/Debug-iphonesimulator -F /Applications/Xcode-beta.app/Contents/Developer/Platforms/iPhoneSimulator.platform/Developer/Library/Frameworks -F /Applications/Xcode-beta.app/Contents/Developer/Platforms/iPhoneSimulator.platform/Developer/SDKs/iPhoneSimulator26.2.sdk/Developer/Library/Frameworks -c -j10 -enable-batch-mode -incremental -Xcc -ivfsstatcache -Xcc /Users/juju/Library/Developer/Xcode/DerivedData/SDKStatCaches.noindex/iphonesimulator26.2-23C5044a-c6bb09c85eeb1a59968f08cee6a58242.sdkstatcache -output-file-map /Users/juju/Library/Developer/Xcode/DerivedData/BooksTracker-bobjtxwhtfhvougqiffoybcdmwam/Build/Intermediates.noindex/BooksTrackerFeature.build/Debug-iphonesimulator/BooksTrackerFeature.build/Objects-normal/arm64/BooksTrackerFeature-OutputFileMap.json -use-frontend-parseable-output -save-temps -no-color-diagnostics -explicit-module-build -module-cache-path /Users/juju/Library/Developer/Xcode/DerivedData/BooksTracker-bobjtxwhtfhvougqiffoybcdmwam/Build/Intermediates.noindex/SwiftExplicitPrecompiledModules -clang-scanner-module-cache-path /Users/juju/Library/Developer/Xcode/DerivedData/ModuleCache.noindex -sdk-module-cache-path /Users/juju/Library/Developer/Xcode/DerivedData/ModuleCache.noindex -serialize-diagnostics -emit-dependencies -emit-module -emit-module-path /Users/juju/Library/Developer/Xcode/DerivedData/BooksTracker-bobjtxwhtfhvougqiffoybcdmwam/Build/Intermediates.noindex/BooksTrackerFeature.build/Debug-iphonesimulator/BooksTrackerFeature.build/Objects-normal/arm64/BooksTrackerFeature.swiftmodule -validate-clang-modules-once -clang-build-session-file /Users/juju/Library/Developer/Xcode/DerivedData/ModuleCache.noindex/Session.modulevalidation -package-name bookstrackerpackage -Xcc -I/Users/juju/Library/Developer/Xcode/DerivedData/BooksTracker-bobjtxwhtfhvougqiffoybcdmwam/Build/Intermediates.noindex/BooksTrackerFeature.build/Debug-iphonesimulator/BooksTrackerFeature.build/swift-overrides.hmap -emit-const-values -Xfrontend -const-gather-protocols-file -Xfrontend /Users/juju/Library/Developer/Xcode/DerivedData/BooksTracker-bobjtxwhtfhvougqiffoybcdmwam/Build/Intermediates.noindex/BooksTrackerFeature.build/Debug-iphonesimulator/BooksTrackerFeature.build/Objects-normal/arm64/BooksTrackerFeature_const_extract_protocols.json -Xcc -I/Users/juju/Library/Developer/Xcode/DerivedData/BooksTracker-bobjtxwhtfhvougqiffoybcdmwam/Build/Products/Debug-iphonesimulator/include -Xcc -I/Users/juju/Library/Developer/Xcode/DerivedData/BooksTracker-bobjtxwhtfhvougqiffoybcdmwam/Build/Intermediates.noindex/BooksTrackerFeature.build/Debug-iphonesimulator/BooksTrackerFeature.build/DerivedSources-normal/arm64 -Xcc -I/Users/juju/Library/Developer/Xcode/DerivedData/BooksTracker-bobjtxwhtfhvougqiffoybcdmwam/Build/Intermediates.noindex/BooksTrackerFeature.build/Debug-iphonesimulator/BooksTrackerFeature.build/DerivedSources/arm64 -Xcc -I/Users/juju/Library/Developer/Xcode/DerivedData/BooksTracker-bobjtxwhtfhvougqiffoybcdmwam/Build/Intermediates.noindex/BooksTrackerFeature.build/Debug-iphonesimulator/BooksTrackerFeature.build/DerivedSources -Xcc -DSWIFT_PACKAGE -Xcc -DDEBUG\=1 -emit-objc-header -emit-objc-header-path /Users/juju/Library/Developer/Xcode/DerivedData/BooksTracker-bobjtxwhtfhvougqiffoybcdmwam/Build/Intermediates.noindex/BooksTrackerFeature.build/Debug-iphonesimulator/BooksTrackerFeature.build/Objects-normal/arm64/BooksTrackerFeature-Swift.h -working-directory /Users/juju/dev_repos/books-v3/BooksTracker.xcodeproj -experimental-emit-module-separately -disable-cmo

SwiftCompile normal arm64 Compiling\ Edition.swift,\ EditionComparisonSheet.swift,\ EditionSelectionStrategy.swift,\ EnrichmentQueue.swift,\ EnrichmentService.swift,\ EnrichmentWebSocketHandler.swift,\ Data+toString.swift,\ String+TitleNormalization.swift,\ FeatureFlags.swift,\ FloatingPillsView.swift,\ CSVValidator.swift,\ GeminiCSVImportService.swift,\ GeminiCSVImportView.swift,\ SSEClient.swift,\ SSEModels.swift,\ ISBNScannerView.swift,\ ISBNValidator.swift,\ ImmersiveHeaderView.swift,\ CulturalRegionsChart.swift,\ GenderDonutChart.swift,\ HeroStatsCard.swift /Users/juju/dev_repos/books-v3/BooksTrackerPackage/Sources/BooksTrackerFeature/Edition.swift /Users/juju/dev_repos/books-v3/BooksTrackerPackage/Sources/BooksTrackerFeature/EditionComparisonSheet.swift /Users/juju/dev_repos/books-v3/BooksTrackerPackage/Sources/BooksTrackerFeature/EditionSelectionStrategy.swift /Users/juju/dev_repos/books-v3/BooksTrackerPackage/Sources/BooksTrackerFeature/Enrichment/EnrichmentQueue.swift /Users/juju/dev_repos/books-v3/BooksTrackerPackage/Sources/BooksTrackerFeature/Enrichment/EnrichmentService.swift /Users/juju/dev_repos/books-v3/BooksTrackerPackage/Sources/BooksTrackerFeature/Enrichment/EnrichmentWebSocketHandler.swift /Users/juju/dev_repos/books-v3/BooksTrackerPackage/Sources/BooksTrackerFeature/Extensions/Data+toString.swift /Users/juju/dev_repos/books-v3/BooksTrackerPackage/Sources/BooksTrackerFeature/Extensions/String+TitleNormalization.swift /Users/juju/dev_repos/books-v3/BooksTrackerPackage/Sources/BooksTrackerFeature/FeatureFlags.swift /Users/juju/dev_repos/books-v3/BooksTrackerPackage/Sources/BooksTrackerFeature/FloatingPillsView.swift /Users/juju/dev_repos/books-v3/BooksTrackerPackage/Sources/BooksTrackerFeature/GeminiCSVImport/CSVValidator.swift /Users/juju/dev_repos/books-v3/BooksTrackerPackage/Sources/BooksTrackerFeature/GeminiCSVImport/GeminiCSVImportService.swift /Users/juju/dev_repos/books-v3/BooksTrackerPackage/Sources/BooksTrackerFeature/GeminiCSVImport/GeminiCSVImportView.swift /Users/juju/dev_repos/books-v3/BooksTrackerPackage/Sources/BooksTrackerFeature/GeminiCSVImport/SSEClient.swift /Users/juju/dev_repos/books-v3/BooksTrackerPackage/Sources/BooksTrackerFeature/GeminiCSVImport/SSEModels.swift /Users/juju/dev_repos/books-v3/BooksTrackerPackage/Sources/BooksTrackerFeature/ISBNScannerView.swift /Users/juju/dev_repos/books-v3/BooksTrackerPackage/Sources/BooksTrackerFeature/ISBNValidator.swift /Users/juju/dev_repos/books-v3/BooksTrackerPackage/Sources/BooksTrackerFeature/ImmersiveHeaderView.swift /Users/juju/dev_repos/books-v3/BooksTrackerPackage/Sources/BooksTrackerFeature/Insights/Components/CulturalRegionsChart.swift /Users/juju/dev_repos/books-v3/BooksTrackerPackage/Sources/BooksTrackerFeature/Insights/Components/GenderDonutChart.swift /Users/juju/dev_repos/books-v3/BooksTrackerPackage/Sources/BooksTrackerFeature/Insights/Components/HeroStatsCard.swift (in target 'BooksTrackerFeature' from project 'BooksTrackerFeature')

SwiftCompile normal arm64 /Users/juju/dev_repos/books-v3/BooksTrackerPackage/Sources/BooksTrackerFeature/Edition.swift (in target 'BooksTrackerFeature' from project 'BooksTrackerFeature')
    cd /Users/juju/dev_repos/books-v3/BooksTracker.xcodeproj
    

SwiftCompile normal arm64 /Users/juju/dev_repos/books-v3/BooksTrackerPackage/Sources/BooksTrackerFeature/EditionComparisonSheet.swift (in target 'BooksTrackerFeature' from project 'BooksTrackerFeature')
    cd /Users/juju/dev_repos/books-v3/BooksTracker.xcodeproj
    

SwiftCompile normal arm64 /Users/juju/dev_repos/books-v3/BooksTrackerPackage/Sources/BooksTrackerFeature/EditionSelectionStrategy.swift (in target 'BooksTrackerFeature' from project 'BooksTrackerFeature')
    cd /Users/juju/dev_repos/books-v3/BooksTracker.xcodeproj
    

SwiftCompile normal arm64 /Users/juju/dev_repos/books-v3/BooksTrackerPackage/Sources/BooksTrackerFeature/Enrichment/EnrichmentQueue.swift (in target 'BooksTrackerFeature' from project 'BooksTrackerFeature')
    cd /Users/juju/dev_repos/books-v3/BooksTracker.xcodeproj
    

SwiftCompile normal arm64 /Users/juju/dev_repos/books-v3/BooksTrackerPackage/Sources/BooksTrackerFeature/Enrichment/EnrichmentService.swift (in target 'BooksTrackerFeature' from project 'BooksTrackerFeature')
    cd /Users/juju/dev_repos/books-v3/BooksTracker.xcodeproj
    

SwiftCompile normal arm64 /Users/juju/dev_repos/books-v3/BooksTrackerPackage/Sources/BooksTrackerFeature/Enrichment/EnrichmentWebSocketHandler.swift (in target 'BooksTrackerFeature' from project 'BooksTrackerFeature')
    cd /Users/juju/dev_repos/books-v3/BooksTracker.xcodeproj
    

SwiftCompile normal arm64 /Users/juju/dev_repos/books-v3/BooksTrackerPackage/Sources/BooksTrackerFeature/Extensions/Data+toString.swift (in target 'BooksTrackerFeature' from project 'BooksTrackerFeature')
    cd /Users/juju/dev_repos/books-v3/BooksTracker.xcodeproj
    

SwiftCompile normal arm64 /Users/juju/dev_repos/books-v3/BooksTrackerPackage/Sources/BooksTrackerFeature/Extensions/String+TitleNormalization.swift (in target 'BooksTrackerFeature' from project 'BooksTrackerFeature')
    cd /Users/juju/dev_repos/books-v3/BooksTracker.xcodeproj
    

SwiftCompile normal arm64 /Users/juju/dev_repos/books-v3/BooksTrackerPackage/Sources/BooksTrackerFeature/FeatureFlags.swift (in target 'BooksTrackerFeature' from project 'BooksTrackerFeature')
    cd /Users/juju/dev_repos/books-v3/BooksTracker.xcodeproj
    

SwiftCompile normal arm64 /Users/juju/dev_repos/books-v3/BooksTrackerPackage/Sources/BooksTrackerFeature/FloatingPillsView.swift (in target 'BooksTrackerFeature' from project 'BooksTrackerFeature')
    cd /Users/juju/dev_repos/books-v3/BooksTracker.xcodeproj
    

SwiftCompile normal arm64 /Users/juju/dev_repos/books-v3/BooksTrackerPackage/Sources/BooksTrackerFeature/GeminiCSVImport/CSVValidator.swift (in target 'BooksTrackerFeature' from project 'BooksTrackerFeature')
    cd /Users/juju/dev_repos/books-v3/BooksTracker.xcodeproj
    

SwiftCompile normal arm64 /Users/juju/dev_repos/books-v3/BooksTrackerPackage/Sources/BooksTrackerFeature/GeminiCSVImport/GeminiCSVImportService.swift (in target 'BooksTrackerFeature' from project 'BooksTrackerFeature')
    cd /Users/juju/dev_repos/books-v3/BooksTracker.xcodeproj
    

SwiftCompile normal arm64 /Users/juju/dev_repos/books-v3/BooksTrackerPackage/Sources/BooksTrackerFeature/GeminiCSVImport/GeminiCSVImportView.swift (in target 'BooksTrackerFeature' from project 'BooksTrackerFeature')
    cd /Users/juju/dev_repos/books-v3/BooksTracker.xcodeproj
    

SwiftCompile normal arm64 /Users/juju/dev_repos/books-v3/BooksTrackerPackage/Sources/BooksTrackerFeature/GeminiCSVImport/SSEClient.swift (in target 'BooksTrackerFeature' from project 'BooksTrackerFeature')
    cd /Users/juju/dev_repos/books-v3/BooksTracker.xcodeproj
    

SwiftCompile normal arm64 /Users/juju/dev_repos/books-v3/BooksTrackerPackage/Sources/BooksTrackerFeature/GeminiCSVImport/SSEModels.swift (in target 'BooksTrackerFeature' from project 'BooksTrackerFeature')
    cd /Users/juju/dev_repos/books-v3/BooksTracker.xcodeproj
    

SwiftCompile normal arm64 /Users/juju/dev_repos/books-v3/BooksTrackerPackage/Sources/BooksTrackerFeature/ISBNScannerView.swift (in target 'BooksTrackerFeature' from project 'BooksTrackerFeature')
    cd /Users/juju/dev_repos/books-v3/BooksTracker.xcodeproj
    

SwiftCompile normal arm64 /Users/juju/dev_repos/books-v3/BooksTrackerPackage/Sources/BooksTrackerFeature/ISBNValidator.swift (in target 'BooksTrackerFeature' from project 'BooksTrackerFeature')
    cd /Users/juju/dev_repos/books-v3/BooksTracker.xcodeproj
    

SwiftCompile normal arm64 /Users/juju/dev_repos/books-v3/BooksTrackerPackage/Sources/BooksTrackerFeature/ImmersiveHeaderView.swift (in target 'BooksTrackerFeature' from project 'BooksTrackerFeature')
    cd /Users/juju/dev_repos/books-v3/BooksTracker.xcodeproj
    

SwiftCompile normal arm64 /Users/juju/dev_repos/books-v3/BooksTrackerPackage/Sources/BooksTrackerFeature/Insights/Components/CulturalRegionsChart.swift (in target 'BooksTrackerFeature' from project 'BooksTrackerFeature')
    cd /Users/juju/dev_repos/books-v3/BooksTracker.xcodeproj
    

SwiftCompile normal arm64 /Users/juju/dev_repos/books-v3/BooksTrackerPackage/Sources/BooksTrackerFeature/Insights/Components/GenderDonutChart.swift (in target 'BooksTrackerFeature' from project 'BooksTrackerFeature')
    cd /Users/juju/dev_repos/books-v3/BooksTracker.xcodeproj
    

SwiftCompile normal arm64 /Users/juju/dev_repos/books-v3/BooksTrackerPackage/Sources/BooksTrackerFeature/Insights/Components/HeroStatsCard.swift (in target 'BooksTrackerFeature' from project 'BooksTrackerFeature')
    cd /Users/juju/dev_repos/books-v3/BooksTracker.xcodeproj
    

SwiftEmitModule normal arm64 Emitting\ module\ for\ BooksTrackerFeature (in target 'BooksTrackerFeature' from project 'BooksTrackerFeature')

EmitSwiftModule normal arm64 (in target 'BooksTrackerFeature' from project 'BooksTrackerFeature')
    cd /Users/juju/dev_repos/books-v3/BooksTracker.xcodeproj
    

SwiftCompile normal arm64 Compiling\ ConfidenceThresholds.swift,\ DetectedBook.swift,\ BatchScanModels.swift,\ ProgressStrategy.swift,\ ScanAnalyticsEvent.swift,\ PrivacyDisclosureBanner.swift,\ ScanResultsView.swift,\ ScanStatisticsView.swift,\ ScanningTipsView.swift,\ BatchWebSocketHandler.swift,\ BookshelfAIService+Polling.swift,\ BookshelfAIService.swift,\ ScanProgressModels.swift,\ SuggestionGenerator.swift,\ VisionProcessingActor.swift,\ CacheHealthDebugView.swift,\ CachedAsyncImage.swift,\ CloudKitHelpView.swift,\ AIProvider.swift,\ EnrichmentAPIClient.swift,\ EnrichmentConfig.swift /Users/juju/dev_repos/books-v3/BooksTrackerPackage/Sources/BooksTrackerFeature/BookshelfScanning/ConfidenceThresholds.swift /Users/juju/dev_repos/books-v3/BooksTrackerPackage/Sources/BooksTrackerFeature/BookshelfScanning/DetectedBook.swift /Users/juju/dev_repos/books-v3/BooksTrackerPackage/Sources/BooksTrackerFeature/BookshelfScanning/Models/BatchScanModels.swift /Users/juju/dev_repos/books-v3/BooksTrackerPackage/Sources/BooksTrackerFeature/BookshelfScanning/Models/ProgressStrategy.swift /Users/juju/dev_repos/books-v3/BooksTrackerPackage/Sources/BooksTrackerFeature/BookshelfScanning/Models/ScanAnalyticsEvent.swift /Users/juju/dev_repos/books-v3/BooksTrackerPackage/Sources/BooksTrackerFeature/BookshelfScanning/PrivacyDisclosureBanner.swift /Users/juju/dev_repos/books-v3/BooksTrackerPackage/Sources/BooksTrackerFeature/BookshelfScanning/ScanResultsView.swift /Users/juju/dev_repos/books-v3/BooksTrackerPackage/Sources/BooksTrackerFeature/BookshelfScanning/ScanStatisticsView.swift /Users/juju/dev_repos/books-v3/BooksTrackerPackage/Sources/BooksTrackerFeature/BookshelfScanning/ScanningTipsView.swift /Users/juju/dev_repos/books-v3/BooksTrackerPackage/Sources/BooksTrackerFeature/BookshelfScanning/Services/BatchWebSocketHandler.swift /Users/juju/dev_repos/books-v3/BooksTrackerPackage/Sources/BooksTrackerFeature/BookshelfScanning/Services/BookshelfAIService+Polling.swift /Users/juju/dev_repos/books-v3/BooksTrackerPackage/Sources/BooksTrackerFeature/BookshelfScanning/Services/BookshelfAIService.swift /Users/juju/dev_repos/books-v3/BooksTrackerPackage/Sources/BooksTrackerFeature/BookshelfScanning/Services/ScanProgressModels.swift /Users/juju/dev_repos/books-v3/BooksTrackerPackage/Sources/BooksTrackerFeature/BookshelfScanning/SuggestionGenerator.swift /Users/juju/dev_repos/books-v3/BooksTrackerPackage/Sources/BooksTrackerFeature/BookshelfScanning/VisionProcessingActor.swift /Users/juju/dev_repos/books-v3/BooksTrackerPackage/Sources/BooksTrackerFeature/CacheHealthDebugView.swift /Users/juju/dev_repos/books-v3/BooksTrackerPackage/Sources/BooksTrackerFeature/CachedAsyncImage.swift /Users/juju/dev_repos/books-v3/BooksTrackerPackage/Sources/BooksTrackerFeature/CloudKitHelpView.swift /Users/juju/dev_repos/books-v3/BooksTrackerPackage/Sources/BooksTrackerFeature/Common/AIProvider.swift /Users/juju/dev_repos/books-v3/BooksTrackerPackage/Sources/BooksTrackerFeature/Common/EnrichmentAPIClient.swift /Users/juju/dev_repos/books-v3/BooksTrackerPackage/Sources/BooksTrackerFeature/Common/EnrichmentConfig.swift (in target 'BooksTrackerFeature' from project 'BooksTrackerFeature')
SwiftCompile normal arm64 /Users/juju/dev_repos/books-v3/BooksTrackerPackage/Sources/BooksTrackerFeature/BookshelfScanning/ConfidenceThresholds.swift (in target 'BooksTrackerFeature' from project 'BooksTrackerFeature')
    cd /Users/juju/dev_repos/books-v3/BooksTracker.xcodeproj
    

SwiftCompile normal arm64 /Users/juju/dev_repos/books-v3/BooksTrackerPackage/Sources/BooksTrackerFeature/BookshelfScanning/DetectedBook.swift (in target 'BooksTrackerFeature' from project 'BooksTrackerFeature')
    cd /Users/juju/dev_repos/books-v3/BooksTracker.xcodeproj
    

SwiftCompile normal arm64 /Users/juju/dev_repos/books-v3/BooksTrackerPackage/Sources/BooksTrackerFeature/BookshelfScanning/Models/BatchScanModels.swift (in target 'BooksTrackerFeature' from project 'BooksTrackerFeature')
    cd /Users/juju/dev_repos/books-v3/BooksTracker.xcodeproj
    

SwiftCompile normal arm64 /Users/juju/dev_repos/books-v3/BooksTrackerPackage/Sources/BooksTrackerFeature/BookshelfScanning/Models/ProgressStrategy.swift (in target 'BooksTrackerFeature' from project 'BooksTrackerFeature')
    cd /Users/juju/dev_repos/books-v3/BooksTracker.xcodeproj
    

SwiftCompile normal arm64 /Users/juju/dev_repos/books-v3/BooksTrackerPackage/Sources/BooksTrackerFeature/BookshelfScanning/Models/ScanAnalyticsEvent.swift (in target 'BooksTrackerFeature' from project 'BooksTrackerFeature')
    cd /Users/juju/dev_repos/books-v3/BooksTracker.xcodeproj
    

SwiftCompile normal arm64 /Users/juju/dev_repos/books-v3/BooksTrackerPackage/Sources/BooksTrackerFeature/BookshelfScanning/PrivacyDisclosureBanner.swift (in target 'BooksTrackerFeature' from project 'BooksTrackerFeature')
    cd /Users/juju/dev_repos/books-v3/BooksTracker.xcodeproj
    

SwiftCompile normal arm64 /Users/juju/dev_repos/books-v3/BooksTrackerPackage/Sources/BooksTrackerFeature/BookshelfScanning/ScanResultsView.swift (in target 'BooksTrackerFeature' from project 'BooksTrackerFeature')
    cd /Users/juju/dev_repos/books-v3/BooksTracker.xcodeproj
    

SwiftCompile normal arm64 /Users/juju/dev_repos/books-v3/BooksTrackerPackage/Sources/BooksTrackerFeature/BookshelfScanning/ScanStatisticsView.swift (in target 'BooksTrackerFeature' from project 'BooksTrackerFeature')
    cd /Users/juju/dev_repos/books-v3/BooksTracker.xcodeproj
    

SwiftCompile normal arm64 /Users/juju/dev_repos/books-v3/BooksTrackerPackage/Sources/BooksTrackerFeature/BookshelfScanning/ScanningTipsView.swift (in target 'BooksTrackerFeature' from project 'BooksTrackerFeature')
    cd /Users/juju/dev_repos/books-v3/BooksTracker.xcodeproj
    

SwiftCompile normal arm64 /Users/juju/dev_repos/books-v3/BooksTrackerPackage/Sources/BooksTrackerFeature/BookshelfScanning/Services/BatchWebSocketHandler.swift (in target 'BooksTrackerFeature' from project 'BooksTrackerFeature')
    cd /Users/juju/dev_repos/books-v3/BooksTracker.xcodeproj
    

SwiftCompile normal arm64 /Users/juju/dev_repos/books-v3/BooksTrackerPackage/Sources/BooksTrackerFeature/BookshelfScanning/Services/BookshelfAIService+Polling.swift (in target 'BooksTrackerFeature' from project 'BooksTrackerFeature')
    cd /Users/juju/dev_repos/books-v3/BooksTracker.xcodeproj
    

SwiftCompile normal arm64 /Users/juju/dev_repos/books-v3/BooksTrackerPackage/Sources/BooksTrackerFeature/BookshelfScanning/Services/BookshelfAIService.swift (in target 'BooksTrackerFeature' from project 'BooksTrackerFeature')
    cd /Users/juju/dev_repos/books-v3/BooksTracker.xcodeproj
    

SwiftCompile normal arm64 /Users/juju/dev_repos/books-v3/BooksTrackerPackage/Sources/BooksTrackerFeature/BookshelfScanning/Services/ScanProgressModels.swift (in target 'BooksTrackerFeature' from project 'BooksTrackerFeature')
    cd /Users/juju/dev_repos/books-v3/BooksTracker.xcodeproj
    

SwiftCompile normal arm64 /Users/juju/dev_repos/books-v3/BooksTrackerPackage/Sources/BooksTrackerFeature/BookshelfScanning/SuggestionGenerator.swift (in target 'BooksTrackerFeature' from project 'BooksTrackerFeature')
    cd /Users/juju/dev_repos/books-v3/BooksTracker.xcodeproj
    

SwiftCompile normal arm64 /Users/juju/dev_repos/books-v3/BooksTrackerPackage/Sources/BooksTrackerFeature/BookshelfScanning/VisionProcessingActor.swift (in target 'BooksTrackerFeature' from project 'BooksTrackerFeature')
    cd /Users/juju/dev_repos/books-v3/BooksTracker.xcodeproj
    

SwiftCompile normal arm64 /Users/juju/dev_repos/books-v3/BooksTrackerPackage/Sources/BooksTrackerFeature/CacheHealthDebugView.swift (in target 'BooksTrackerFeature' from project 'BooksTrackerFeature')
    cd /Users/juju/dev_repos/books-v3/BooksTracker.xcodeproj
    

SwiftCompile normal arm64 /Users/juju/dev_repos/books-v3/BooksTrackerPackage/Sources/BooksTrackerFeature/CachedAsyncImage.swift (in target 'BooksTrackerFeature' from project 'BooksTrackerFeature')
    cd /Users/juju/dev_repos/books-v3/BooksTracker.xcodeproj
    

SwiftCompile normal arm64 /Users/juju/dev_repos/books-v3/BooksTrackerPackage/Sources/BooksTrackerFeature/CloudKitHelpView.swift (in target 'BooksTrackerFeature' from project 'BooksTrackerFeature')
    cd /Users/juju/dev_repos/books-v3/BooksTracker.xcodeproj
    

SwiftCompile normal arm64 /Users/juju/dev_repos/books-v3/BooksTrackerPackage/Sources/BooksTrackerFeature/Common/AIProvider.swift (in target 'BooksTrackerFeature' from project 'BooksTrackerFeature')
    cd /Users/juju/dev_repos/books-v3/BooksTracker.xcodeproj
    

SwiftCompile normal arm64 /Users/juju/dev_repos/books-v3/BooksTrackerPackage/Sources/BooksTrackerFeature/Common/EnrichmentAPIClient.swift (in target 'BooksTrackerFeature' from project 'BooksTrackerFeature')
    cd /Users/juju/dev_repos/books-v3/BooksTracker.xcodeproj
    

SwiftCompile normal arm64 /Users/juju/dev_repos/books-v3/BooksTrackerPackage/Sources/BooksTrackerFeature/Common/EnrichmentConfig.swift (in target 'BooksTrackerFeature' from project 'BooksTrackerFeature')
    cd /Users/juju/dev_repos/books-v3/BooksTracker.xcodeproj
    

SwiftDriverJobDiscovery normal arm64 Emitting module for BooksTrackerFeature (in target 'BooksTrackerFeature' from project 'BooksTrackerFeature')

SwiftDriver\ Compilation\ Requirements BooksTrackerFeature normal arm64 com.apple.xcode.tools.swift.compiler (in target 'BooksTrackerFeature' from project 'BooksTrackerFeature')
    cd /Users/juju/dev_repos/books-v3/BooksTracker.xcodeproj
    builtin-Swift-Compilation-Requirements -- /Applications/Xcode-beta.app/Contents/Developer/Toolchains/XcodeDefault.xctoolchain/usr/bin/swiftc -module-name BooksTrackerFeature -Onone -enforce-exclusivity\=checked @/Users/juju/Library/Developer/Xcode/DerivedData/BooksTracker-bobjtxwhtfhvougqiffoybcdmwam/Build/Intermediates.noindex/BooksTrackerFeature.build/Debug-iphonesimulator/BooksTrackerFeature.build/Objects-normal/arm64/BooksTrackerFeature.SwiftFileList -DSWIFT_PACKAGE -DDEBUG -DSWIFT_MODULE_RESOURCE_BUNDLE_UNAVAILABLE -DXcode -plugin-path /Applications/Xcode-beta.app/Contents/Developer/Toolchains/XcodeDefault.xctoolchain/usr/lib/swift/host/plugins/testing -enable-experimental-feature DebugDescriptionMacro -sdk /Applications/Xcode-beta.app/Contents/Developer/Platforms/iPhoneSimulator.platform/Developer/SDKs/iPhoneSimulator26.2.sdk -target arm64-apple-ios26.0-simulator -g -module-cache-path /Users/juju/Library/Developer/Xcode/DerivedData/ModuleCache.noindex -Xfrontend -serialize-debugging-options -profile-coverage-mapping -profile-generate -enable-testing -index-store-path /Users/juju/Library/Developer/Xcode/DerivedData/BooksTracker-bobjtxwhtfhvougqiffoybcdmwam/Index.noindex/DataStore -Xcc -D_LIBCPP_HARDENING_MODE\=_LIBCPP_HARDENING_MODE_DEBUG -swift-version 6 -I /Users/juju/Library/Developer/Xcode/DerivedData/BooksTracker-bobjtxwhtfhvougqiffoybcdmwam/Build/Products/Debug-iphonesimulator -Isystem /Applications/Xcode-beta.app/Contents/Developer/Platforms/iPhoneSimulator.platform/Developer/usr/lib -F /Users/juju/Library/Developer/Xcode/DerivedData/BooksTracker-bobjtxwhtfhvougqiffoybcdmwam/Build/Products/Debug-iphonesimulator -F /Applications/Xcode-beta.app/Contents/Developer/Platforms/iPhoneSimulator.platform/Developer/Library/Frameworks -F /Applications/Xcode-beta.app/Contents/Developer/Platforms/iPhoneSimulator.platform/Developer/SDKs/iPhoneSimulator26.2.sdk/Developer/Library/Frameworks -c -j10 -enable-batch-mode -incremental -Xcc -ivfsstatcache -Xcc /Users/juju/Library/Developer/Xcode/DerivedData/SDKStatCaches.noindex/iphonesimulator26.2-23C5044a-c6bb09c85eeb1a59968f08cee6a58242.sdkstatcache -output-file-map /Users/juju/Library/Developer/Xcode/DerivedData/BooksTracker-bobjtxwhtfhvougqiffoybcdmwam/Build/Intermediates.noindex/BooksTrackerFeature.build/Debug-iphonesimulator/BooksTrackerFeature.build/Objects-normal/arm64/BooksTrackerFeature-OutputFileMap.json -use-frontend-parseable-output -save-temps -no-color-diagnostics -explicit-module-build -module-cache-path /Users/juju/Library/Developer/Xcode/DerivedData/BooksTracker-bobjtxwhtfhvougqiffoybcdmwam/Build/Intermediates.noindex/SwiftExplicitPrecompiledModules -clang-scanner-module-cache-path /Users/juju/Library/Developer/Xcode/DerivedData/ModuleCache.noindex -sdk-module-cache-path /Users/juju/Library/Developer/Xcode/DerivedData/ModuleCache.noindex -serialize-diagnostics -emit-dependencies -emit-module -emit-module-path /Users/juju/Library/Developer/Xcode/DerivedData/BooksTracker-bobjtxwhtfhvougqiffoybcdmwam/Build/Intermediates.noindex/BooksTrackerFeature.build/Debug-iphonesimulator/BooksTrackerFeature.build/Objects-normal/arm64/BooksTrackerFeature.swiftmodule -validate-clang-modules-once -clang-build-session-file /Users/juju/Library/Developer/Xcode/DerivedData/ModuleCache.noindex/Session.modulevalidation -package-name bookstrackerpackage -Xcc -I/Users/juju/Library/Developer/Xcode/DerivedData/BooksTracker-bobjtxwhtfhvougqiffoybcdmwam/Build/Intermediates.noindex/BooksTrackerFeature.build/Debug-iphonesimulator/BooksTrackerFeature.build/swift-overrides.hmap -emit-const-values -Xfrontend -const-gather-protocols-file -Xfrontend /Users/juju/Library/Developer/Xcode/DerivedData/BooksTracker-bobjtxwhtfhvougqiffoybcdmwam/Build/Intermediates.noindex/BooksTrackerFeature.build/Debug-iphonesimulator/BooksTrackerFeature.build/Objects-normal/arm64/BooksTrackerFeature_const_extract_protocols.json -Xcc -I/Users/juju/Library/Developer/Xcode/DerivedData/BooksTracker-bobjtxwhtfhvougqiffoybcdmwam/Build/Products/Debug-iphonesimulator/include -Xcc -I/Users/juju/Library/Developer/Xcode/DerivedData/BooksTracker-bobjtxwhtfhvougqiffoybcdmwam/Build/Intermediates.noindex/BooksTrackerFeature.build/Debug-iphonesimulator/BooksTrackerFeature.build/DerivedSources-normal/arm64 -Xcc -I/Users/juju/Library/Developer/Xcode/DerivedData/BooksTracker-bobjtxwhtfhvougqiffoybcdmwam/Build/Intermediates.noindex/BooksTrackerFeature.build/Debug-iphonesimulator/BooksTrackerFeature.build/DerivedSources/arm64 -Xcc -I/Users/juju/Library/Developer/Xcode/DerivedData/BooksTracker-bobjtxwhtfhvougqiffoybcdmwam/Build/Intermediates.noindex/BooksTrackerFeature.build/Debug-iphonesimulator/BooksTrackerFeature.build/DerivedSources -Xcc -DSWIFT_PACKAGE -Xcc -DDEBUG\=1 -emit-objc-header -emit-objc-header-path /Users/juju/Library/Developer/Xcode/DerivedData/BooksTracker-bobjtxwhtfhvougqiffoybcdmwam/Build/Intermediates.noindex/BooksTrackerFeature.build/Debug-iphonesimulator/BooksTrackerFeature.build/Objects-normal/arm64/BooksTrackerFeature-Swift.h -working-directory /Users/juju/dev_repos/books-v3/BooksTracker.xcodeproj -experimental-emit-module-separately -disable-cmo

SwiftDriverJobDiscovery normal arm64 Compiling Edition.swift, EditionComparisonSheet.swift, EditionSelectionStrategy.swift, EnrichmentQueue.swift, EnrichmentService.swift, EnrichmentWebSocketHandler.swift, Data+toString.swift, String+TitleNormalization.swift, FeatureFlags.swift, FloatingPillsView.swift, CSVValidator.swift, GeminiCSVImportService.swift, GeminiCSVImportView.swift, SSEClient.swift, SSEModels.swift, ISBNScannerView.swift, ISBNValidator.swift, ImmersiveHeaderView.swift, CulturalRegionsChart.swift, GenderDonutChart.swift, HeroStatsCard.swift (in target 'BooksTrackerFeature' from project 'BooksTrackerFeature')

SwiftCompile normal arm64 Compiling\ SearchCoordinator.swift,\ SearchResultDTO.swift,\ SimilarBooksCache.swift,\ StreakData.swift,\ TrendingActivity.swift,\ UserSettings.swift,\ WeeklyRecommendation.swift,\ WorkOverride.swift,\ ProgressComponents.swift,\ ReadingHabitsModule.swift,\ ReadingHabitsViewModel.swift,\ ReadingProgressModule.swift,\ ReadingStatusParser.swift,\ CorrectionView.swift,\ ManualMatchView.swift,\ ReviewQueueModel.swift,\ ReviewQueueView.swift,\ SearchModel.swift,\ SearchView.swift,\ SearchMode.swift /Users/juju/dev_repos/books-v3/BooksTrackerPackage/Sources/BooksTrackerFeature/Models/SearchCoordinator.swift /Users/juju/dev_repos/books-v3/BooksTrackerPackage/Sources/BooksTrackerFeature/Models/SearchResultDTO.swift /Users/juju/dev_repos/books-v3/BooksTrackerPackage/Sources/BooksTrackerFeature/Models/SimilarBooksCache.swift /Users/juju/dev_repos/books-v3/BooksTrackerPackage/Sources/BooksTrackerFeature/Models/StreakData.swift /Users/juju/dev_repos/books-v3/BooksTrackerPackage/Sources/BooksTrackerFeature/Models/TrendingActivity.swift /Users/juju/dev_repos/books-v3/BooksTrackerPackage/Sources/BooksTrackerFeature/Models/UserSettings.swift /Users/juju/dev_repos/books-v3/BooksTrackerPackage/Sources/BooksTrackerFeature/Models/WeeklyRecommendation.swift /Users/juju/dev_repos/books-v3/BooksTrackerPackage/Sources/BooksTrackerFeature/Models/WorkOverride.swift /Users/juju/dev_repos/books-v3/BooksTrackerPackage/Sources/BooksTrackerFeature/ProgressViews/ProgressComponents.swift /Users/juju/dev_repos/books-v3/BooksTrackerPackage/Sources/BooksTrackerFeature/ReadingHabitsModule.swift /Users/juju/dev_repos/books-v3/BooksTrackerPackage/Sources/BooksTrackerFeature/ReadingHabitsViewModel.swift /Users/juju/dev_repos/books-v3/BooksTrackerPackage/Sources/BooksTrackerFeature/ReadingProgressModule.swift /Users/juju/dev_repos/books-v3/BooksTrackerPackage/Sources/BooksTrackerFeature/ReadingStatusParser.swift /Users/juju/dev_repos/books-v3/BooksTrackerPackage/Sources/BooksTrackerFeature/ReviewQueue/CorrectionView.swift /Users/juju/dev_repos/books-v3/BooksTrackerPackage/Sources/BooksTrackerFeature/ReviewQueue/ManualMatchView.swift /Users/juju/dev_repos/books-v3/BooksTrackerPackage/Sources/BooksTrackerFeature/ReviewQueue/ReviewQueueModel.swift /Users/juju/dev_repos/books-v3/BooksTrackerPackage/Sources/BooksTrackerFeature/ReviewQueue/ReviewQueueView.swift /Users/juju/dev_repos/books-v3/BooksTrackerPackage/Sources/BooksTrackerFeature/SearchModel.swift /Users/juju/dev_repos/books-v3/BooksTrackerPackage/Sources/BooksTrackerFeature/SearchView.swift /Users/juju/dev_repos/books-v3/BooksTrackerPackage/Sources/BooksTrackerFeature/SearchView/SearchMode.swift (in target 'BooksTrackerFeature' from project 'BooksTrackerFeature')
SwiftCompile normal arm64 /Users/juju/dev_repos/books-v3/BooksTrackerPackage/Sources/BooksTrackerFeature/Models/SearchCoordinator.swift (in target 'BooksTrackerFeature' from project 'BooksTrackerFeature')
    cd /Users/juju/dev_repos/books-v3/BooksTracker.xcodeproj
    

SwiftCompile normal arm64 /Users/juju/dev_repos/books-v3/BooksTrackerPackage/Sources/BooksTrackerFeature/Models/SearchResultDTO.swift (in target 'BooksTrackerFeature' from project 'BooksTrackerFeature')
    cd /Users/juju/dev_repos/books-v3/BooksTracker.xcodeproj
    

SwiftCompile normal arm64 /Users/juju/dev_repos/books-v3/BooksTrackerPackage/Sources/BooksTrackerFeature/Models/SimilarBooksCache.swift (in target 'BooksTrackerFeature' from project 'BooksTrackerFeature')
    cd /Users/juju/dev_repos/books-v3/BooksTracker.xcodeproj
    

SwiftCompile normal arm64 /Users/juju/dev_repos/books-v3/BooksTrackerPackage/Sources/BooksTrackerFeature/Models/StreakData.swift (in target 'BooksTrackerFeature' from project 'BooksTrackerFeature')
    cd /Users/juju/dev_repos/books-v3/BooksTracker.xcodeproj
    

SwiftCompile normal arm64 /Users/juju/dev_repos/books-v3/BooksTrackerPackage/Sources/BooksTrackerFeature/Models/TrendingActivity.swift (in target 'BooksTrackerFeature' from project 'BooksTrackerFeature')
    cd /Users/juju/dev_repos/books-v3/BooksTracker.xcodeproj
    

SwiftCompile normal arm64 /Users/juju/dev_repos/books-v3/BooksTrackerPackage/Sources/BooksTrackerFeature/Models/UserSettings.swift (in target 'BooksTrackerFeature' from project 'BooksTrackerFeature')
    cd /Users/juju/dev_repos/books-v3/BooksTracker.xcodeproj
    

SwiftCompile normal arm64 /Users/juju/dev_repos/books-v3/BooksTrackerPackage/Sources/BooksTrackerFeature/Models/WeeklyRecommendation.swift (in target 'BooksTrackerFeature' from project 'BooksTrackerFeature')
    cd /Users/juju/dev_repos/books-v3/BooksTracker.xcodeproj
    

SwiftCompile normal arm64 /Users/juju/dev_repos/books-v3/BooksTrackerPackage/Sources/BooksTrackerFeature/Models/WorkOverride.swift (in target 'BooksTrackerFeature' from project 'BooksTrackerFeature')
    cd /Users/juju/dev_repos/books-v3/BooksTracker.xcodeproj
    

SwiftCompile normal arm64 /Users/juju/dev_repos/books-v3/BooksTrackerPackage/Sources/BooksTrackerFeature/ProgressViews/ProgressComponents.swift (in target 'BooksTrackerFeature' from project 'BooksTrackerFeature')
    cd /Users/juju/dev_repos/books-v3/BooksTracker.xcodeproj
    

SwiftCompile normal arm64 /Users/juju/dev_repos/books-v3/BooksTrackerPackage/Sources/BooksTrackerFeature/ReadingHabitsModule.swift (in target 'BooksTrackerFeature' from project 'BooksTrackerFeature')
    cd /Users/juju/dev_repos/books-v3/BooksTracker.xcodeproj
    

SwiftCompile normal arm64 /Users/juju/dev_repos/books-v3/BooksTrackerPackage/Sources/BooksTrackerFeature/ReadingHabitsViewModel.swift (in target 'BooksTrackerFeature' from project 'BooksTrackerFeature')
    cd /Users/juju/dev_repos/books-v3/BooksTracker.xcodeproj
    

SwiftCompile normal arm64 /Users/juju/dev_repos/books-v3/BooksTrackerPackage/Sources/BooksTrackerFeature/ReadingProgressModule.swift (in target 'BooksTrackerFeature' from project 'BooksTrackerFeature')
    cd /Users/juju/dev_repos/books-v3/BooksTracker.xcodeproj
    

SwiftCompile normal arm64 /Users/juju/dev_repos/books-v3/BooksTrackerPackage/Sources/BooksTrackerFeature/ReadingStatusParser.swift (in target 'BooksTrackerFeature' from project 'BooksTrackerFeature')
    cd /Users/juju/dev_repos/books-v3/BooksTracker.xcodeproj
    

SwiftCompile normal arm64 /Users/juju/dev_repos/books-v3/BooksTrackerPackage/Sources/BooksTrackerFeature/ReviewQueue/CorrectionView.swift (in target 'BooksTrackerFeature' from project 'BooksTrackerFeature')
    cd /Users/juju/dev_repos/books-v3/BooksTracker.xcodeproj
    

SwiftCompile normal arm64 /Users/juju/dev_repos/books-v3/BooksTrackerPackage/Sources/BooksTrackerFeature/ReviewQueue/ManualMatchView.swift (in target 'BooksTrackerFeature' from project 'BooksTrackerFeature')
    cd /Users/juju/dev_repos/books-v3/BooksTracker.xcodeproj
    

SwiftCompile normal arm64 /Users/juju/dev_repos/books-v3/BooksTrackerPackage/Sources/BooksTrackerFeature/ReviewQueue/ReviewQueueModel.swift (in target 'BooksTrackerFeature' from project 'BooksTrackerFeature')
    cd /Users/juju/dev_repos/books-v3/BooksTracker.xcodeproj
    

SwiftCompile normal arm64 /Users/juju/dev_repos/books-v3/BooksTrackerPackage/Sources/BooksTrackerFeature/ReviewQueue/ReviewQueueView.swift (in target 'BooksTrackerFeature' from project 'BooksTrackerFeature')
    cd /Users/juju/dev_repos/books-v3/BooksTracker.xcodeproj
    

SwiftCompile normal arm64 /Users/juju/dev_repos/books-v3/BooksTrackerPackage/Sources/BooksTrackerFeature/SearchModel.swift (in target 'BooksTrackerFeature' from project 'BooksTrackerFeature')
    cd /Users/juju/dev_repos/books-v3/BooksTracker.xcodeproj
    

SwiftCompile normal arm64 /Users/juju/dev_repos/books-v3/BooksTrackerPackage/Sources/BooksTrackerFeature/SearchView.swift (in target 'BooksTrackerFeature' from project 'BooksTrackerFeature')
    cd /Users/juju/dev_repos/books-v3/BooksTracker.xcodeproj
    

SwiftCompile normal arm64 /Users/juju/dev_repos/books-v3/BooksTrackerPackage/Sources/BooksTrackerFeature/SearchView/SearchMode.swift (in target 'BooksTrackerFeature' from project 'BooksTrackerFeature')
    cd /Users/juju/dev_repos/books-v3/BooksTracker.xcodeproj
    

Copy /Users/juju/Library/Developer/Xcode/DerivedData/BooksTracker-bobjtxwhtfhvougqiffoybcdmwam/Build/Products/Debug-iphonesimulator/BooksTrackerFeature.swiftmodule/arm64-apple-ios-simulator.swiftmodule /Users/juju/Library/Developer/Xcode/DerivedData/BooksTracker-bobjtxwhtfhvougqiffoybcdmwam/Build/Intermediates.noindex/BooksTrackerFeature.build/Debug-iphonesimulator/BooksTrackerFeature.build/Objects-normal/arm64/BooksTrackerFeature.swiftmodule (in target 'BooksTrackerFeature' from project 'BooksTrackerFeature')
    cd /Users/juju/dev_repos/books-v3/BooksTrackerPackage
    builtin-copy -exclude .DS_Store -exclude CVS -exclude .svn -exclude .git -exclude .hg -resolve-src-symlinks -rename /Users/juju/Library/Developer/Xcode/DerivedData/BooksTracker-bobjtxwhtfhvougqiffoybcdmwam/Build/Intermediates.noindex/BooksTrackerFeature.build/Debug-iphonesimulator/BooksTrackerFeature.build/Objects-normal/arm64/BooksTrackerFeature.swiftmodule /Users/juju/Library/Developer/Xcode/DerivedData/BooksTracker-bobjtxwhtfhvougqiffoybcdmwam/Build/Products/Debug-iphonesimulator/BooksTrackerFeature.swiftmodule/arm64-apple-ios-simulator.swiftmodule

SwiftDriverJobDiscovery normal arm64 Compiling ConfidenceThresholds.swift, DetectedBook.swift, BatchScanModels.swift, ProgressStrategy.swift, ScanAnalyticsEvent.swift, PrivacyDisclosureBanner.swift, ScanResultsView.swift, ScanStatisticsView.swift, ScanningTipsView.swift, BatchWebSocketHandler.swift, BookshelfAIService+Polling.swift, BookshelfAIService.swift, ScanProgressModels.swift, SuggestionGenerator.swift, VisionProcessingActor.swift, CacheHealthDebugView.swift, CachedAsyncImage.swift, CloudKitHelpView.swift, AIProvider.swift, EnrichmentAPIClient.swift, EnrichmentConfig.swift (in target 'BooksTrackerFeature' from project 'BooksTrackerFeature')

Copy /Users/juju/Library/Developer/Xcode/DerivedData/BooksTracker-bobjtxwhtfhvougqiffoybcdmwam/Build/Products/Debug-iphonesimulator/BooksTrackerFeature.swiftmodule/arm64-apple-ios-simulator.swiftdoc /Users/juju/Library/Developer/Xcode/DerivedData/BooksTracker-bobjtxwhtfhvougqiffoybcdmwam/Build/Intermediates.noindex/BooksTrackerFeature.build/Debug-iphonesimulator/BooksTrackerFeature.build/Objects-normal/arm64/BooksTrackerFeature.swiftdoc (in target 'BooksTrackerFeature' from project 'BooksTrackerFeature')
    cd /Users/juju/dev_repos/books-v3/BooksTrackerPackage
    builtin-copy -exclude .DS_Store -exclude CVS -exclude .svn -exclude .git -exclude .hg -resolve-src-symlinks -rename /Users/juju/Library/Developer/Xcode/DerivedData/BooksTracker-bobjtxwhtfhvougqiffoybcdmwam/Build/Intermediates.noindex/BooksTrackerFeature.build/Debug-iphonesimulator/BooksTrackerFeature.build/Objects-normal/arm64/BooksTrackerFeature.swiftdoc /Users/juju/Library/Developer/Xcode/DerivedData/BooksTracker-bobjtxwhtfhvougqiffoybcdmwam/Build/Products/Debug-iphonesimulator/BooksTrackerFeature.swiftmodule/arm64-apple-ios-simulator.swiftdoc

Copy /Users/juju/Library/Developer/Xcode/DerivedData/BooksTracker-bobjtxwhtfhvougqiffoybcdmwam/Build/Products/Debug-iphonesimulator/BooksTrackerFeature.swiftmodule/arm64-apple-ios-simulator.abi.json /Users/juju/Library/Developer/Xcode/DerivedData/BooksTracker-bobjtxwhtfhvougqiffoybcdmwam/Build/Intermediates.noindex/BooksTrackerFeature.build/Debug-iphonesimulator/BooksTrackerFeature.build/Objects-normal/arm64/BooksTrackerFeature.abi.json (in target 'BooksTrackerFeature' from project 'BooksTrackerFeature')
    cd /Users/juju/dev_repos/books-v3/BooksTrackerPackage
    builtin-copy -exclude .DS_Store -exclude CVS -exclude .svn -exclude .git -exclude .hg -resolve-src-symlinks -rename /Users/juju/Library/Developer/Xcode/DerivedData/BooksTracker-bobjtxwhtfhvougqiffoybcdmwam/Build/Intermediates.noindex/BooksTrackerFeature.build/Debug-iphonesimulator/BooksTrackerFeature.build/Objects-normal/arm64/BooksTrackerFeature.abi.json /Users/juju/Library/Developer/Xcode/DerivedData/BooksTracker-bobjtxwhtfhvougqiffoybcdmwam/Build/Products/Debug-iphonesimulator/BooksTrackerFeature.swiftmodule/arm64-apple-ios-simulator.abi.json

Copy /Users/juju/Library/Developer/Xcode/DerivedData/BooksTracker-bobjtxwhtfhvougqiffoybcdmwam/Build/Products/Debug-iphonesimulator/BooksTrackerFeature.swiftmodule/Project/arm64-apple-ios-simulator.swiftsourceinfo /Users/juju/Library/Developer/Xcode/DerivedData/BooksTracker-bobjtxwhtfhvougqiffoybcdmwam/Build/Intermediates.noindex/BooksTrackerFeature.build/Debug-iphonesimulator/BooksTrackerFeature.build/Objects-normal/arm64/BooksTrackerFeature.swiftsourceinfo (in target 'BooksTrackerFeature' from project 'BooksTrackerFeature')
    cd /Users/juju/dev_repos/books-v3/BooksTrackerPackage
    builtin-copy -exclude .DS_Store -exclude CVS -exclude .svn -exclude .git -exclude .hg -resolve-src-symlinks -rename /Users/juju/Library/Developer/Xcode/DerivedData/BooksTracker-bobjtxwhtfhvougqiffoybcdmwam/Build/Intermediates.noindex/BooksTrackerFeature.build/Debug-iphonesimulator/BooksTrackerFeature.build/Objects-normal/arm64/BooksTrackerFeature.swiftsourceinfo /Users/juju/Library/Developer/Xcode/DerivedData/BooksTracker-bobjtxwhtfhvougqiffoybcdmwam/Build/Products/Debug-iphonesimulator/BooksTrackerFeature.swiftmodule/Project/arm64-apple-ios-simulator.swiftsourceinfo

SwiftCompile normal arm64 Compiling\ ImageCleanupService.swift,\ ImageCompressionService.swift,\ ImagePrefetcher.swift,\ ImportService.swift,\ LaunchMetrics.swift,\ LibraryFilterService.swift,\ NotificationCoordinator.swift,\ ReadingSessionService.swift,\ SampleDataGenerator.swift,\ SessionAnalyticsService.swift,\ WeeklyRecommendationsCache.swift,\ WeeklyRecommendationsService.swift,\ WorkflowImportService.swift,\ EnrichmentQueueDetailsView.swift,\ EnrichmentQueueRow.swift,\ SettingsView.swift,\ TabCoordinator.swift,\ ThemeSelectionView.swift,\ EnrichmentBanner.swift,\ UserLibraryEntry.swift /Users/juju/dev_repos/books-v3/BooksTrackerPackage/Sources/BooksTrackerFeature/Services/ImageCleanupService.swift /Users/juju/dev_repos/books-v3/BooksTrackerPackage/Sources/BooksTrackerFeature/Services/ImageCompressionService.swift /Users/juju/dev_repos/books-v3/BooksTrackerPackage/Sources/BooksTrackerFeature/Services/ImagePrefetcher.swift /Users/juju/dev_repos/books-v3/BooksTrackerPackage/Sources/BooksTrackerFeature/Services/ImportService.swift /Users/juju/dev_repos/books-v3/BooksTrackerPackage/Sources/BooksTrackerFeature/Services/LaunchMetrics.swift /Users/juju/dev_repos/books-v3/BooksTrackerPackage/Sources/BooksTrackerFeature/Services/LibraryFilterService.swift /Users/juju/dev_repos/books-v3/BooksTrackerPackage/Sources/BooksTrackerFeature/Services/NotificationCoordinator.swift /Users/juju/dev_repos/books-v3/BooksTrackerPackage/Sources/BooksTrackerFeature/Services/ReadingSessionService.swift /Users/juju/dev_repos/books-v3/BooksTrackerPackage/Sources/BooksTrackerFeature/Services/SampleDataGenerator.swift /Users/juju/dev_repos/books-v3/BooksTrackerPackage/Sources/BooksTrackerFeature/Services/SessionAnalyticsService.swift /Users/juju/dev_repos/books-v3/BooksTrackerPackage/Sources/BooksTrackerFeature/Services/WeeklyRecommendationsCache.swift /Users/juju/dev_repos/books-v3/BooksTrackerPackage/Sources/BooksTrackerFeature/Services/WeeklyRecommendationsService.swift /Users/juju/dev_repos/books-v3/BooksTrackerPackage/Sources/BooksTrackerFeature/Services/WorkflowImportService.swift /Users/juju/dev_repos/books-v3/BooksTrackerPackage/Sources/BooksTrackerFeature/Settings/EnrichmentQueueDetailsView.swift /Users/juju/dev_repos/books-v3/BooksTrackerPackage/Sources/BooksTrackerFeature/Settings/EnrichmentQueueRow.swift /Users/juju/dev_repos/books-v3/BooksTrackerPackage/Sources/BooksTrackerFeature/SettingsView.swift /Users/juju/dev_repos/books-v3/BooksTrackerPackage/Sources/BooksTrackerFeature/TabCoordinator.swift /Users/juju/dev_repos/books-v3/BooksTrackerPackage/Sources/BooksTrackerFeature/ThemeSelectionView.swift /Users/juju/dev_repos/books-v3/BooksTrackerPackage/Sources/BooksTrackerFeature/UI/EnrichmentBanner.swift /Users/juju/dev_repos/books-v3/BooksTrackerPackage/Sources/BooksTrackerFeature/UserLibraryEntry.swift (in target 'BooksTrackerFeature' from project 'BooksTrackerFeature')

SwiftCompile normal arm64 /Users/juju/dev_repos/books-v3/BooksTrackerPackage/Sources/BooksTrackerFeature/Services/ImageCleanupService.swift (in target 'BooksTrackerFeature' from project 'BooksTrackerFeature')
    cd /Users/juju/dev_repos/books-v3/BooksTracker.xcodeproj
    

SwiftCompile normal arm64 /Users/juju/dev_repos/books-v3/BooksTrackerPackage/Sources/BooksTrackerFeature/Services/ImageCompressionService.swift (in target 'BooksTrackerFeature' from project 'BooksTrackerFeature')
    cd /Users/juju/dev_repos/books-v3/BooksTracker.xcodeproj
    

SwiftCompile normal arm64 /Users/juju/dev_repos/books-v3/BooksTrackerPackage/Sources/BooksTrackerFeature/Services/ImagePrefetcher.swift (in target 'BooksTrackerFeature' from project 'BooksTrackerFeature')
    cd /Users/juju/dev_repos/books-v3/BooksTracker.xcodeproj
    

SwiftCompile normal arm64 /Users/juju/dev_repos/books-v3/BooksTrackerPackage/Sources/BooksTrackerFeature/Services/ImportService.swift (in target 'BooksTrackerFeature' from project 'BooksTrackerFeature')
    cd /Users/juju/dev_repos/books-v3/BooksTracker.xcodeproj
    

SwiftCompile normal arm64 /Users/juju/dev_repos/books-v3/BooksTrackerPackage/Sources/BooksTrackerFeature/Services/LaunchMetrics.swift (in target 'BooksTrackerFeature' from project 'BooksTrackerFeature')
    cd /Users/juju/dev_repos/books-v3/BooksTracker.xcodeproj
    

SwiftCompile normal arm64 /Users/juju/dev_repos/books-v3/BooksTrackerPackage/Sources/BooksTrackerFeature/Services/LibraryFilterService.swift (in target 'BooksTrackerFeature' from project 'BooksTrackerFeature')
    cd /Users/juju/dev_repos/books-v3/BooksTracker.xcodeproj
    

SwiftCompile normal arm64 /Users/juju/dev_repos/books-v3/BooksTrackerPackage/Sources/BooksTrackerFeature/Services/NotificationCoordinator.swift (in target 'BooksTrackerFeature' from project 'BooksTrackerFeature')
    cd /Users/juju/dev_repos/books-v3/BooksTracker.xcodeproj
    

SwiftCompile normal arm64 /Users/juju/dev_repos/books-v3/BooksTrackerPackage/Sources/BooksTrackerFeature/Services/ReadingSessionService.swift (in target 'BooksTrackerFeature' from project 'BooksTrackerFeature')
    cd /Users/juju/dev_repos/books-v3/BooksTracker.xcodeproj
    

SwiftCompile normal arm64 /Users/juju/dev_repos/books-v3/BooksTrackerPackage/Sources/BooksTrackerFeature/Services/SampleDataGenerator.swift (in target 'BooksTrackerFeature' from project 'BooksTrackerFeature')
    cd /Users/juju/dev_repos/books-v3/BooksTracker.xcodeproj
    

SwiftCompile normal arm64 /Users/juju/dev_repos/books-v3/BooksTrackerPackage/Sources/BooksTrackerFeature/Services/SessionAnalyticsService.swift (in target 'BooksTrackerFeature' from project 'BooksTrackerFeature')
    cd /Users/juju/dev_repos/books-v3/BooksTracker.xcodeproj
    

SwiftCompile normal arm64 /Users/juju/dev_repos/books-v3/BooksTrackerPackage/Sources/BooksTrackerFeature/Services/WeeklyRecommendationsCache.swift (in target 'BooksTrackerFeature' from project 'BooksTrackerFeature')
    cd /Users/juju/dev_repos/books-v3/BooksTracker.xcodeproj
    

SwiftCompile normal arm64 /Users/juju/dev_repos/books-v3/BooksTrackerPackage/Sources/BooksTrackerFeature/Services/WeeklyRecommendationsService.swift (in target 'BooksTrackerFeature' from project 'BooksTrackerFeature')
    cd /Users/juju/dev_repos/books-v3/BooksTracker.xcodeproj
    

SwiftCompile normal arm64 /Users/juju/dev_repos/books-v3/BooksTrackerPackage/Sources/BooksTrackerFeature/Services/WorkflowImportService.swift (in target 'BooksTrackerFeature' from project 'BooksTrackerFeature')
    cd /Users/juju/dev_repos/books-v3/BooksTracker.xcodeproj
    

SwiftCompile normal arm64 /Users/juju/dev_repos/books-v3/BooksTrackerPackage/Sources/BooksTrackerFeature/Settings/EnrichmentQueueDetailsView.swift (in target 'BooksTrackerFeature' from project 'BooksTrackerFeature')
    cd /Users/juju/dev_repos/books-v3/BooksTracker.xcodeproj
    

SwiftCompile normal arm64 /Users/juju/dev_repos/books-v3/BooksTrackerPackage/Sources/BooksTrackerFeature/Settings/EnrichmentQueueRow.swift (in target 'BooksTrackerFeature' from project 'BooksTrackerFeature')
    cd /Users/juju/dev_repos/books-v3/BooksTracker.xcodeproj
    

SwiftCompile normal arm64 /Users/juju/dev_repos/books-v3/BooksTrackerPackage/Sources/BooksTrackerFeature/SettingsView.swift (in target 'BooksTrackerFeature' from project 'BooksTrackerFeature')
    cd /Users/juju/dev_repos/books-v3/BooksTracker.xcodeproj
    

SwiftCompile normal arm64 /Users/juju/dev_repos/books-v3/BooksTrackerPackage/Sources/BooksTrackerFeature/TabCoordinator.swift (in target 'BooksTrackerFeature' from project 'BooksTrackerFeature')
    cd /Users/juju/dev_repos/books-v3/BooksTracker.xcodeproj
    

SwiftCompile normal arm64 /Users/juju/dev_repos/books-v3/BooksTrackerPackage/Sources/BooksTrackerFeature/ThemeSelectionView.swift (in target 'BooksTrackerFeature' from project 'BooksTrackerFeature')
    cd /Users/juju/dev_repos/books-v3/BooksTracker.xcodeproj
    

SwiftCompile normal arm64 /Users/juju/dev_repos/books-v3/BooksTrackerPackage/Sources/BooksTrackerFeature/UI/EnrichmentBanner.swift (in target 'BooksTrackerFeature' from project 'BooksTrackerFeature')
    cd /Users/juju/dev_repos/books-v3/BooksTracker.xcodeproj
    

SwiftCompile normal arm64 /Users/juju/dev_repos/books-v3/BooksTrackerPackage/Sources/BooksTrackerFeature/UserLibraryEntry.swift (in target 'BooksTrackerFeature' from project 'BooksTrackerFeature')
    cd /Users/juju/dev_repos/books-v3/BooksTracker.xcodeproj
    

SwiftDriverJobDiscovery normal arm64 Compiling ImageCleanupService.swift, ImageCompressionService.swift, ImagePrefetcher.swift, ImportService.swift, LaunchMetrics.swift, LibraryFilterService.swift, NotificationCoordinator.swift, ReadingSessionService.swift, SampleDataGenerator.swift, SessionAnalyticsService.swift, WeeklyRecommendationsCache.swift, WeeklyRecommendationsService.swift, WorkflowImportService.swift, EnrichmentQueueDetailsView.swift, EnrichmentQueueRow.swift, SettingsView.swift, TabCoordinator.swift, ThemeSelectionView.swift, EnrichmentBanner.swift, UserLibraryEntry.swift (in target 'BooksTrackerFeature' from project 'BooksTrackerFeature')

SwiftCompile normal arm64 Compiling\ APIError.swift,\ BooksTrackAPI+Enrichment.swift,\ BooksTrackAPI+Import.swift,\ BooksTrackAPI+Search.swift,\ BooksTrackAPI.swift,\ DTOs.swift,\ AboutMakerView.swift,\ AcknowledgementsView.swift,\ AdvancedSearchView.swift,\ AnnotationsModule.swift,\ Author.swift,\ BentoGridView.swift,\ BookActionsModule.swift,\ BatchCaptureView.swift,\ BookshelfScannerView.swift,\ BoundingBoxOverlayView.swift,\ BookshelfCameraPreview.swift,\ BookshelfCameraSessionManager.swift,\ BookshelfCameraView.swift,\ BookshelfCameraViewModel.swift,\ CombinedImportView.swift /Users/juju/dev_repos/books-v3/BooksTrackerPackage/Sources/BooksTrackerFeature/API/APIError.swift /Users/juju/dev_repos/books-v3/BooksTrackerPackage/Sources/BooksTrackerFeature/API/BooksTrackAPI+Enrichment.swift /Users/juju/dev_repos/books-v3/BooksTrackerPackage/Sources/BooksTrackerFeature/API/BooksTrackAPI+Import.swift /Users/juju/dev_repos/books-v3/BooksTrackerPackage/Sources/BooksTrackerFeature/API/BooksTrackAPI+Search.swift /Users/juju/dev_repos/books-v3/BooksTrackerPackage/Sources/BooksTrackerFeature/API/BooksTrackAPI.swift /Users/juju/dev_repos/books-v3/BooksTrackerPackage/Sources/BooksTrackerFeature/API/DTOs.swift /Users/juju/dev_repos/books-v3/BooksTrackerPackage/Sources/BooksTrackerFeature/AboutMakerView.swift /Users/juju/dev_repos/books-v3/BooksTrackerPackage/Sources/BooksTrackerFeature/AcknowledgementsView.swift /Users/juju/dev_repos/books-v3/BooksTrackerPackage/Sources/BooksTrackerFeature/AdvancedSearchView.swift /Users/juju/dev_repos/books-v3/BooksTrackerPackage/Sources/BooksTrackerFeature/AnnotationsModule.swift /Users/juju/dev_repos/books-v3/BooksTrackerPackage/Sources/BooksTrackerFeature/Author.swift /Users/juju/dev_repos/books-v3/BooksTrackerPackage/Sources/BooksTrackerFeature/BentoGridView.swift /Users/juju/dev_repos/books-v3/BooksTrackerPackage/Sources/BooksTrackerFeature/BookActionsModule.swift /Users/juju/dev_repos/books-v3/BooksTrackerPackage/Sources/BooksTrackerFeature/BookshelfScanning/BatchCaptureView.swift /Users/juju/dev_repos/books-v3/BooksTrackerPackage/Sources/BooksTrackerFeature/BookshelfScanning/BookshelfScannerView.swift /Users/juju/dev_repos/books-v3/BooksTrackerPackage/Sources/BooksTrackerFeature/BookshelfScanning/BoundingBoxOverlayView.swift /Users/juju/dev_repos/books-v3/BooksTrackerPackage/Sources/BooksTrackerFeature/BookshelfScanning/Camera/BookshelfCameraPreview.swift /Users/juju/dev_repos/books-v3/BooksTrackerPackage/Sources/BooksTrackerFeature/BookshelfScanning/Camera/BookshelfCameraSessionManager.swift /Users/juju/dev_repos/books-v3/BooksTrackerPackage/Sources/BooksTrackerFeature/BookshelfScanning/Camera/BookshelfCameraView.swift /Users/juju/dev_repos/books-v3/BooksTrackerPackage/Sources/BooksTrackerFeature/BookshelfScanning/Camera/BookshelfCameraViewModel.swift /Users/juju/dev_repos/books-v3/BooksTrackerPackage/Sources/BooksTrackerFeature/BookshelfScanning/CombinedImportView.swift (in target 'BooksTrackerFeature' from project 'BooksTrackerFeature')
Failed frontend command:
/Applications/Xcode-beta.app/Contents/Developer/Toolchains/XcodeDefault.xctoolchain/usr/bin/swift-frontend -frontend -c -filelist /Users/juju/Library/Developer/Xcode/DerivedData/BooksTracker-bobjtxwhtfhvougqiffoybcdmwam/Build/Intermediates.noindex/BooksTrackerFeature.build/Debug-iphonesimulator/BooksTrackerFeature.build/Objects-normal/arm64/sources-1 -primary-file /Users/juju/dev_repos/books-v3/BooksTrackerPackage/Sources/BooksTrackerFeature/API/APIError.swift -primary-file /Users/juju/dev_repos/books-v3/BooksTrackerPackage/Sources/BooksTrackerFeature/API/BooksTrackAPI+Enrichment.swift -primary-file /Users/juju/dev_repos/books-v3/BooksTrackerPackage/Sources/BooksTrackerFeature/API/BooksTrackAPI+Import.swift -primary-file /Users/juju/dev_repos/books-v3/BooksTrackerPackage/Sources/BooksTrackerFeature/API/BooksTrackAPI+Search.swift -primary-file /Users/juju/dev_repos/books-v3/BooksTrackerPackage/Sources/BooksTrackerFeature/API/BooksTrackAPI.swift -primary-file /Users/juju/dev_repos/books-v3/BooksTrackerPackage/Sources/BooksTrackerFeature/API/DTOs.swift -primary-file /Users/juju/dev_repos/books-v3/BooksTrackerPackage/Sources/BooksTrackerFeature/AboutMakerView.swift -primary-file /Users/juju/dev_repos/books-v3/BooksTrackerPackage/Sources/BooksTrackerFeature/AcknowledgementsView.swift -primary-file /Users/juju/dev_repos/books-v3/BooksTrackerPackage/Sources/BooksTrackerFeature/AdvancedSearchView.swift -primary-file /Users/juju/dev_repos/books-v3/BooksTrackerPackage/Sources/BooksTrackerFeature/AnnotationsModule.swift -primary-file /Users/juju/dev_repos/books-v3/BooksTrackerPackage/Sources/BooksTrackerFeature/Author.swift -primary-file /Users/juju/dev_repos/books-v3/BooksTrackerPackage/Sources/BooksTrackerFeature/BentoGridView.swift -primary-file /Users/juju/dev_repos/books-v3/BooksTrackerPackage/Sources/BooksTrackerFeature/BookActionsModule.swift -primary-file /Users/juju/dev_repos/books-v3/BooksTrackerPackage/Sources/BooksTrackerFeature/BookshelfScanning/BatchCaptureView.swift -primary-file /Users/juju/dev_repos/books-v3/BooksTrackerPackage/Sources/BooksTrackerFeature/BookshelfScanning/BookshelfScannerView.swift -primary-file /Users/juju/dev_repos/books-v3/BooksTrackerPackage/Sources/BooksTrackerFeature/BookshelfScanning/BoundingBoxOverlayView.swift -primary-file /Users/juju/dev_repos/books-v3/BooksTrackerPackage/Sources/BooksTrackerFeature/BookshelfScanning/Camera/BookshelfCameraPreview.swift -primary-file /Users/juju/dev_repos/books-v3/BooksTrackerPackage/Sources/BooksTrackerFeature/BookshelfScanning/Camera/BookshelfCameraSessionManager.swift -primary-file /Users/juju/dev_repos/books-v3/BooksTrackerPackage/Sources/BooksTrackerFeature/BookshelfScanning/Camera/BookshelfCameraView.swift -primary-file /Users/juju/dev_repos/books-v3/BooksTrackerPackage/Sources/BooksTrackerFeature/BookshelfScanning/Camera/BookshelfCameraViewModel.swift -primary-file /Users/juju/dev_repos/books-v3/BooksTrackerPackage/Sources/BooksTrackerFeature/BookshelfScanning/CombinedImportView.swift -supplementary-output-file-map /Users/juju/Library/Developer/Xcode/DerivedData/BooksTracker-bobjtxwhtfhvougqiffoybcdmwam/Build/Intermediates.noindex/BooksTrackerFeature.build/Debug-iphonesimulator/BooksTrackerFeature.build/Objects-normal/arm64/supplementaryOutputs-1 -target arm64-apple-ios26.0-simulator -module-can-import-version AVFoundation 2395.6.1.1 2.0.0 -module-can-import-version PhotosUI 822.0.130 822.0.130 -module-can-import-version UIKit 9126.2.4.1 9126.2.4 -module-can-import-version Vision 9.3.1 9.3.1 -disable-cross-import-overlay-search -swift-module-cross-import PhotosUI /Applications/Xcode-beta.app/Contents/Developer/Platforms/iPhoneSimulator.platform/Developer/SDKs/iPhoneSimulator.sdk/System/Library/Frameworks/PhotosUI.framework/Modules/PhotosUI.swiftcrossimport/SwiftUI.swiftoverlay -swift-module-cross-import PhotosUI /Applications/Xcode-beta.app/Contents/Developer/Platforms/iPhoneSimulator.platform/Developer/SDKs/iPhoneSimulator.sdk/System/Library/Frameworks/PhotosUI.framework/Modules/PhotosUI.swiftcrossimport/WidgetKit.swiftoverlay -swift-module-cross-import PhotosUI /Applications/Xcode-beta.app/Contents/Developer/Platforms/iPhoneSimulator.platform/Developer/SDKs/iPhoneSimulator26.2.sdk/System/Library/Frameworks/PhotosUI.framework/Modules/PhotosUI.swiftcrossimport/SwiftUI.swiftoverlay -swift-module-cross-import PhotosUI /Applications/Xcode-beta.app/Contents/Developer/Platforms/iPhoneSimulator.platform/Developer/SDKs/iPhoneSimulator26.2.sdk/System/Library/Frameworks/PhotosUI.framework/Modules/PhotosUI.swiftcrossimport/WidgetKit.swiftoverlay -swift-module-cross-import SwiftData /Applications/Xcode-beta.app/Contents/Developer/Platforms/iPhoneSimulator.platform/Developer/SDKs/iPhoneSimulator26.2.sdk/System/Library/Frameworks/SwiftData.framework/Modules/SwiftData.swiftcrossimport/CoreData.swiftoverlay -swift-module-cross-import SwiftData /Applications/Xcode-beta.app/Contents/Developer/Platforms/iPhoneSimulator.platform/Developer/SDKs/iPhoneSimulator26.2.sdk/System/Library/Frameworks/SwiftData.framework/Modules/SwiftData.swiftcrossimport/SwiftUI.swiftoverlay -load-resolved-plugin /Applications/Xcode-beta.app/Contents/Developer/Platforms/iPhoneOS.platform/Developer/usr/lib/swift/host/plugins/libFoundationMacros.dylib\#/Applications/Xcode-beta.app/Contents/Developer/Platforms/iPhoneOS.platform/Developer/usr/bin/swift-plugin-server\#FoundationMacros -load-resolved-plugin /Applications/Xcode-beta.app/Contents/Developer/Platforms/iPhoneOS.platform/Developer/usr/lib/swift/host/plugins/libObservationMacros.dylib\#/Applications/Xcode-beta.app/Contents/Developer/Platforms/iPhoneOS.platform/Developer/usr/bin/swift-plugin-server\#ObservationMacros -load-resolved-plugin /Applications/Xcode-beta.app/Contents/Developer/Platforms/iPhoneOS.platform/Developer/usr/lib/swift/host/plugins/libPreviewsMacros.dylib\#/Applications/Xcode-beta.app/Contents/Developer/Platforms/iPhoneOS.platform/Developer/usr/bin/swift-plugin-server\#PreviewsMacros -load-resolved-plugin /Applications/Xcode-beta.app/Contents/Developer/Platforms/iPhoneOS.platform/Developer/usr/lib/swift/host/plugins/libSwiftDataMacros.dylib\#/Applications/Xcode-beta.app/Contents/Developer/Platforms/iPhoneOS.platform/Developer/usr/bin/swift-plugin-server\#SwiftDataMacros -load-resolved-plugin /Applications/Xcode-beta.app/Contents/Developer/Platforms/iPhoneOS.platform/Developer/usr/lib/swift/host/plugins/libSwiftMacros.dylib\#/Applications/Xcode-beta.app/Contents/Developer/Platforms/iPhoneOS.platform/Developer/usr/bin/swift-plugin-server\#SwiftMacros -load-resolved-plugin /Applications/Xcode-beta.app/Contents/Developer/Platforms/iPhoneOS.platform/Developer/usr/lib/swift/host/plugins/libSwiftUIMacros.dylib\#/Applications/Xcode-beta.app/Contents/Developer/Platforms/iPhoneOS.platform/Developer/usr/bin/swift-plugin-server\#SwiftUIMacros -disable-implicit-swift-modules -Xcc -fno-implicit-modules -Xcc -fno-implicit-module-maps -explicit-swift-module-map-file /Users/juju/Library/Developer/Xcode/DerivedData/BooksTracker-bobjtxwhtfhvougqiffoybcdmwam/Build/Intermediates.noindex/BooksTrackerFeature.build/Debug-iphonesimulator/BooksTrackerFeature.build/Objects-normal/arm64/BooksTrackerFeature-dependencies-1.json -Xllvm -aarch64-use-tbi -enable-objc-interop -sdk /Applications/Xcode-beta.app/Contents/Developer/Platforms/iPhoneSimulator.platform/Developer/SDKs/iPhoneSimulator26.2.sdk -I /Users/juju/Library/Developer/Xcode/DerivedData/BooksTracker-bobjtxwhtfhvougqiffoybcdmwam/Build/Products/Debug-iphonesimulator -Isystem /Applications/Xcode-beta.app/Contents/Developer/Platforms/iPhoneSimulator.platform/Developer/usr/lib -F /Users/juju/Library/Developer/Xcode/DerivedData/BooksTracker-bobjtxwhtfhvougqiffoybcdmwam/Build/Products/Debug-iphonesimulator -F /Applications/Xcode-beta.app/Contents/Developer/Platforms/iPhoneSimulator.platform/Developer/Library/Frameworks -F /Applications/Xcode-beta.app/Contents/Developer/Platforms/iPhoneSimulator.platform/Developer/SDKs/iPhoneSimulator26.2.sdk/Developer/Library/Frameworks -no-color-diagnostics -Xcc -fno-color-diagnostics -enable-testing -g -debug-info-format\=dwarf -dwarf-version\=5 -module-cache-path /Users/juju/Library/Developer/Xcode/DerivedData/BooksTracker-bobjtxwhtfhvougqiffoybcdmwam/Build/Intermediates.noindex/SwiftExplicitPrecompiledModules -profile-generate -profile-coverage-mapping -swift-version 6 -enforce-exclusivity\=checked -Onone -D SWIFT_PACKAGE -D DEBUG -D SWIFT_MODULE_RESOURCE_BUNDLE_UNAVAILABLE -D Xcode -serialize-debugging-options -const-gather-protocols-file /Users/juju/Library/Developer/Xcode/DerivedData/BooksTracker-bobjtxwhtfhvougqiffoybcdmwam/Build/Intermediates.noindex/BooksTrackerFeature.build/Debug-iphonesimulator/BooksTrackerFeature.build/Objects-normal/arm64/BooksTrackerFeature_const_extract_protocols.json -enable-experimental-feature DebugDescriptionMacro -empty-abi-descriptor -validate-clang-modules-once -clang-build-session-file /Users/juju/Library/Developer/Xcode/DerivedData/ModuleCache.noindex/Session.modulevalidation -Xcc -working-directory -Xcc /Users/juju/dev_repos/books-v3/BooksTracker.xcodeproj -enable-anonymous-context-mangled-names -file-compilation-dir /Users/juju/dev_repos/books-v3/BooksTracker.xcodeproj -Xcc -D_LIBCPP_HARDENING_MODE\=_LIBCPP_HARDENING_MODE_DEBUG -Xcc -ivfsstatcache -Xcc /Users/juju/Library/Developer/Xcode/DerivedData/SDKStatCaches.noindex/iphonesimulator26.2-23C5044a-c6bb09c85eeb1a59968f08cee6a58242.sdkstatcache -Xcc -I/Users/juju/Library/Developer/Xcode/DerivedData/BooksTracker-bobjtxwhtfhvougqiffoybcdmwam/Build/Intermediates.noindex/BooksTrackerFeature.build/Debug-iphonesimulator/BooksTrackerFeature.build/swift-overrides.hmap -Xcc -I/Users/juju/Library/Developer/Xcode/DerivedData/BooksTracker-bobjtxwhtfhvougqiffoybcdmwam/Build/Products/Debug-iphonesimulator/include -Xcc -I/Users/juju/Library/Developer/Xcode/DerivedData/BooksTracker-bobjtxwhtfhvougqiffoybcdmwam/Build/Intermediates.noindex/BooksTrackerFeature.build/Debug-iphonesimulator/BooksTrackerFeature.build/DerivedSources-normal/arm64 -Xcc -I/Users/juju/Library/Developer/Xcode/DerivedData/BooksTracker-bobjtxwhtfhvougqiffoybcdmwam/Build/Intermediates.noindex/BooksTrackerFeature.build/Debug-iphonesimulator/BooksTrackerFeature.build/DerivedSources/arm64 -Xcc -I/Users/juju/Library/Developer/Xcode/DerivedData/BooksTracker-bobjtxwhtfhvougqiffoybcdmwam/Build/Intermediates.noindex/BooksTrackerFeature.build/Debug-iphonesimulator/BooksTrackerFeature.build/DerivedSources -Xcc -DSWIFT_PACKAGE -Xcc -DDEBUG\=1 -no-auto-bridging-header-chaining -module-name BooksTrackerFeature -package-name bookstrackerpackage -frontend-parseable-output -disable-clang-spi -target-sdk-version 26.2 -target-sdk-name iphonesimulator26.2 -clang-target arm64-apple-ios26.2-simulator -in-process-plugin-server-path /Applications/Xcode-beta.app/Contents/Developer/Toolchains/XcodeDefault.xctoolchain/usr/lib/swift/host/libSwiftInProcPluginServer.dylib -o /Users/juju/Library/Developer/Xcode/DerivedData/BooksTracker-bobjtxwhtfhvougqiffoybcdmwam/Build/Intermediates.noindex/BooksTrackerFeature.build/Debug-iphonesimulator/BooksTrackerFeature.build/Objects-normal/arm64/APIError.o -o /Users/juju/Library/Developer/Xcode/DerivedData/BooksTracker-bobjtxwhtfhvougqiffoybcdmwam/Build/Intermediates.noindex/BooksTrackerFeature.build/Debug-iphonesimulator/BooksTrackerFeature.build/Objects-normal/arm64/BooksTrackAPI+Enrichment.o -o /Users/juju/Library/Developer/Xcode/DerivedData/BooksTracker-bobjtxwhtfhvougqiffoybcdmwam/Build/Intermediates.noindex/BooksTrackerFeature.build/Debug-iphonesimulator/BooksTrackerFeature.build/Objects-normal/arm64/BooksTrackAPI+Import.o -o /Users/juju/Library/Developer/Xcode/DerivedData/BooksTracker-bobjtxwhtfhvougqiffoybcdmwam/Build/Intermediates.noindex/BooksTrackerFeature.build/Debug-iphonesimulator/BooksTrackerFeature.build/Objects-normal/arm64/BooksTrackAPI+Search.o -o /Users/juju/Library/Developer/Xcode/DerivedData/BooksTracker-bobjtxwhtfhvougqiffoybcdmwam/Build/Intermediates.noindex/BooksTrackerFeature.build/Debug-iphonesimulator/BooksTrackerFeature.build/Objects-normal/arm64/BooksTrackAPI.o -o /Users/juju/Library/Developer/Xcode/DerivedData/BooksTracker-bobjtxwhtfhvougqiffoybcdmwam/Build/Intermediates.noindex/BooksTrackerFeature.build/Debug-iphonesimulator/BooksTrackerFeature.build/Objects-normal/arm64/DTOs.o -o /Users/juju/Library/Developer/Xcode/DerivedData/BooksTracker-bobjtxwhtfhvougqiffoybcdmwam/Build/Intermediates.noindex/BooksTrackerFeature.build/Debug-iphonesimulator/BooksTrackerFeature.build/Objects-normal/arm64/AboutMakerView.o -o /Users/juju/Library/Developer/Xcode/DerivedData/BooksTracker-bobjtxwhtfhvougqiffoybcdmwam/Build/Intermediates.noindex/BooksTrackerFeature.build/Debug-iphonesimulator/BooksTrackerFeature.build/Objects-normal/arm64/AcknowledgementsView.o -o /Users/juju/Library/Developer/Xcode/DerivedData/BooksTracker-bobjtxwhtfhvougqiffoybcdmwam/Build/Intermediates.noindex/BooksTrackerFeature.build/Debug-iphonesimulator/BooksTrackerFeature.build/Objects-normal/arm64/AdvancedSearchView.o -o /Users/juju/Library/Developer/Xcode/DerivedData/BooksTracker-bobjtxwhtfhvougqiffoybcdmwam/Build/Intermediates.noindex/BooksTrackerFeature.build/Debug-iphonesimulator/BooksTrackerFeature.build/Objects-normal/arm64/AnnotationsModule.o -o /Users/juju/Library/Developer/Xcode/DerivedData/BooksTracker-bobjtxwhtfhvougqiffoybcdmwam/Build/Intermediates.noindex/BooksTrackerFeature.build/Debug-iphonesimulator/BooksTrackerFeature.build/Objects-normal/arm64/Author.o -o /Users/juju/Library/Developer/Xcode/DerivedData/BooksTracker-bobjtxwhtfhvougqiffoybcdmwam/Build/Intermediates.noindex/BooksTrackerFeature.build/Debug-iphonesimulator/BooksTrackerFeature.build/Objects-normal/arm64/BentoGridView.o -o /Users/juju/Library/Developer/Xcode/DerivedData/BooksTracker-bobjtxwhtfhvougqiffoybcdmwam/Build/Intermediates.noindex/BooksTrackerFeature.build/Debug-iphonesimulator/BooksTrackerFeature.build/Objects-normal/arm64/BookActionsModule.o -o /Users/juju/Library/Developer/Xcode/DerivedData/BooksTracker-bobjtxwhtfhvougqiffoybcdmwam/Build/Intermediates.noindex/BooksTrackerFeature.build/Debug-iphonesimulator/BooksTrackerFeature.build/Objects-normal/arm64/BatchCaptureView.o -o /Users/juju/Library/Developer/Xcode/DerivedData/BooksTracker-bobjtxwhtfhvougqiffoybcdmwam/Build/Intermediates.noindex/BooksTrackerFeature.build/Debug-iphonesimulator/BooksTrackerFeature.build/Objects-normal/arm64/BookshelfScannerView.o -o /Users/juju/Library/Developer/Xcode/DerivedData/BooksTracker-bobjtxwhtfhvougqiffoybcdmwam/Build/Intermediates.noindex/BooksTrackerFeature.build/Debug-iphonesimulator/BooksTrackerFeature.build/Objects-normal/arm64/BoundingBoxOverlayView.o -o /Users/juju/Library/Developer/Xcode/DerivedData/BooksTracker-bobjtxwhtfhvougqiffoybcdmwam/Build/Intermediates.noindex/BooksTrackerFeature.build/Debug-iphonesimulator/BooksTrackerFeature.build/Objects-normal/arm64/BookshelfCameraPreview.o -o /Users/juju/Library/Developer/Xcode/DerivedData/BooksTracker-bobjtxwhtfhvougqiffoybcdmwam/Build/Intermediates.noindex/BooksTrackerFeature.build/Debug-iphonesimulator/BooksTrackerFeature.build/Objects-normal/arm64/BookshelfCameraSessionManager.o -o /Users/juju/Library/Developer/Xcode/DerivedData/BooksTracker-bobjtxwhtfhvougqiffoybcdmwam/Build/Intermediates.noindex/BooksTrackerFeature.build/Debug-iphonesimulator/BooksTrackerFeature.build/Objects-normal/arm64/BookshelfCameraView.o -o /Users/juju/Library/Developer/Xcode/DerivedData/BooksTracker-bobjtxwhtfhvougqiffoybcdmwam/Build/Intermediates.noindex/BooksTrackerFeature.build/Debug-iphonesimulator/BooksTrackerFeature.build/Objects-normal/arm64/BookshelfCameraViewModel.o -o /Users/juju/Library/Developer/Xcode/DerivedData/BooksTracker-bobjtxwhtfhvougqiffoybcdmwam/Build/Intermediates.noindex/BooksTrackerFeature.build/Debug-iphonesimulator/BooksTrackerFeature.build/Objects-normal/arm64/CombinedImportView.o -index-unit-output-path /BooksTrackerFeature.build/Debug-iphonesimulator/BooksTrackerFeature.build/Objects-normal/arm64/APIError.o -index-unit-output-path /BooksTrackerFeature.build/Debug-iphonesimulator/BooksTrackerFeature.build/Objects-normal/arm64/BooksTrackAPI+Enrichment.o -index-unit-output-path /BooksTrackerFeature.build/Debug-iphonesimulator/BooksTrackerFeature.build/Objects-normal/arm64/BooksTrackAPI+Import.o -index-unit-output-path /BooksTrackerFeature.build/Debug-iphonesimulator/BooksTrackerFeature.build/Objects-normal/arm64/BooksTrackAPI+Search.o -index-unit-output-path /BooksTrackerFeature.build/Debug-iphonesimulator/BooksTrackerFeature.build/Objects-normal/arm64/BooksTrackAPI.o -index-unit-output-path /BooksTrackerFeature.build/Debug-iphonesimulator/BooksTrackerFeature.build/Objects-normal/arm64/DTOs.o -index-unit-output-path /BooksTrackerFeature.build/Debug-iphonesimulator/BooksTrackerFeature.build/Objects-normal/arm64/AboutMakerView.o -index-unit-output-path /BooksTrackerFeature.build/Debug-iphonesimulator/BooksTrackerFeature.build/Objects-normal/arm64/AcknowledgementsView.o -index-unit-output-path /BooksTrackerFeature.build/Debug-iphonesimulator/BooksTrackerFeature.build/Objects-normal/arm64/AdvancedSearchView.o -index-unit-output-path /BooksTrackerFeature.build/Debug-iphonesimulator/BooksTrackerFeature.build/Objects-normal/arm64/AnnotationsModule.o -index-unit-output-path /BooksTrackerFeature.build/Debug-iphonesimulator/BooksTrackerFeature.build/Objects-normal/arm64/Author.o -index-unit-output-path /BooksTrackerFeature.build/Debug-iphonesimulator/BooksTrackerFeature.build/Objects-normal/arm64/BentoGridView.o -index-unit-output-path /BooksTrackerFeature.build/Debug-iphonesimulator/BooksTrackerFeature.build/Objects-normal/arm64/BookActionsModule.o -index-unit-output-path /BooksTrackerFeature.build/Debug-iphonesimulator/BooksTrackerFeature.build/Objects-normal/arm64/BatchCaptureView.o -index-unit-output-path /BooksTrackerFeature.build/Debug-iphonesimulator/BooksTrackerFeature.build/Objects-normal/arm64/BookshelfScannerView.o -index-unit-output-path /BooksTrackerFeature.build/Debug-iphonesimulator/BooksTrackerFeature.build/Objects-normal/arm64/BoundingBoxOverlayView.o -index-unit-output-path /BooksTrackerFeature.build/Debug-iphonesimulator/BooksTrackerFeature.build/Objects-normal/arm64/BookshelfCameraPreview.o -index-unit-output-path /BooksTrackerFeature.build/Debug-iphonesimulator/BooksTrackerFeature.build/Objects-normal/arm64/BookshelfCameraSessionManager.o -index-unit-output-path /BooksTrackerFeature.build/Debug-iphonesimulator/BooksTrackerFeature.build/Objects-normal/arm64/BookshelfCameraView.o -index-unit-output-path /BooksTrackerFeature.build/Debug-iphonesimulator/BooksTrackerFeature.build/Objects-normal/arm64/BookshelfCameraViewModel.o -index-unit-output-path /BooksTrackerFeature.build/Debug-iphonesimulator/BooksTrackerFeature.build/Objects-normal/arm64/CombinedImportView.o -index-store-path /Users/juju/Library/Developer/Xcode/DerivedData/BooksTracker-bobjtxwhtfhvougqiffoybcdmwam/Index.noindex/DataStore -index-system-modules

SwiftCompile normal arm64 /Users/juju/dev_repos/books-v3/BooksTrackerPackage/Sources/BooksTrackerFeature/API/APIError.swift (in target 'BooksTrackerFeature' from project 'BooksTrackerFeature')
    cd /Users/juju/dev_repos/books-v3/BooksTracker.xcodeproj
    

SwiftCompile normal arm64 /Users/juju/dev_repos/books-v3/BooksTrackerPackage/Sources/BooksTrackerFeature/API/BooksTrackAPI+Enrichment.swift (in target 'BooksTrackerFeature' from project 'BooksTrackerFeature')
    cd /Users/juju/dev_repos/books-v3/BooksTracker.xcodeproj
    
/Users/juju/dev_repos/books-v3/BooksTrackerPackage/Sources/BooksTrackerFeature/API/BooksTrackAPI+Enrichment.swift:6:15: error: initializer for conditional binding must have Optional type, not 'URL'
        guard let url = baseURL.appendingPathComponent("/api/v2/books/enrich") else {
              ^         ~~~~~~~~~~~~~~~~~~~~~~~~~~~~~~~~~~~~~~~~~~~~~~~~~~~~~~
/Users/juju/dev_repos/books-v3/BooksTrackerPackage/Sources/BooksTrackerFeature/API/BooksTrackAPI+Enrichment.swift:35:19: error: initializer for conditional binding must have Optional type, not 'URL'
            guard let initialURL = baseURL.appendingPathComponent(initialPath) else {
                  ^                ~~~~~~~~~~~~~~~~~~~~~~~~~~~~~~~~~~~~~~~~~~~
/Users/juju/dev_repos/books-v3/BooksTrackerPackage/Sources/BooksTrackerFeature/API/BooksTrackAPI+Enrichment.swift:60:19: error: initializer for conditional binding must have Optional type, not 'URL'
            guard let fallbackURL = baseURL.appendingPathComponent(fallbackPath) else {
                  ^                 ~~~~~~~~~~~~~~~~~~~~~~~~~~~~~~~~~~~~~~~~~~~~
/Users/juju/dev_repos/books-v3/BooksTrackerPackage/Sources/BooksTrackerFeature/API/BooksTrackAPI+Enrichment.swift:88:15: error: initializer for conditional binding must have Optional type, not 'URL'
        guard let url = baseURL.appendingPathComponent("/v1/jobs/\(jobId)") else {
              ^         ~~~~~~~~~~~~~~~~~~~~~~~~~~~~~~~~~~~~~~~~~~~~~~~~~~~

SwiftCompile normal arm64 /Users/juju/dev_repos/books-v3/BooksTrackerPackage/Sources/BooksTrackerFeature/API/BooksTrackAPI+Import.swift (in target 'BooksTrackerFeature' from project 'BooksTrackerFeature')
    cd /Users/juju/dev_repos/books-v3/BooksTracker.xcodeproj
    
/Users/juju/dev_repos/books-v3/BooksTrackerPackage/Sources/BooksTrackerFeature/API/BooksTrackAPI+Import.swift:17:15: error: initializer for conditional binding must have Optional type, not 'URL'
        guard let url = baseURL.appendingPathComponent("/api/v2/imports") else {
              ^         ~~~~~~~~~~~~~~~~~~~~~~~~~~~~~~~~~~~~~~~~~~~~~~~~~
/Users/juju/dev_repos/books-v3/BooksTrackerPackage/Sources/BooksTrackerFeature/API/BooksTrackAPI+Import.swift:40:15: error: initializer for conditional binding must have Optional type, not 'URL'
        guard let url = baseURL.appendingPathComponent("/api/v2/imports/\(jobId)/results") else {
              ^         ~~~~~~~~~~~~~~~~~~~~~~~~~~~~~~~~~~~~~~~~~~~~~~~~~~~~~~~~~~~~~~~~~~
/Users/juju/dev_repos/books-v3/BooksTrackerPackage/Sources/BooksTrackerFeature/API/BooksTrackAPI+Import.swift:51:15: error: initializer for conditional binding must have Optional type, not 'URL'
        guard let url = baseURL.appendingPathComponent("/api/v2/imports/\(jobId)") else {
              ^         ~~~~~~~~~~~~~~~~~~~~~~~~~~~~~~~~~~~~~~~~~~~~~~~~~~~~~~~~~~

SwiftCompile normal arm64 /Users/juju/dev_repos/books-v3/BooksTrackerPackage/Sources/BooksTrackerFeature/API/BooksTrackAPI+Search.swift (in target 'BooksTrackerFeature' from project 'BooksTrackerFeature')
    cd /Users/juju/dev_repos/books-v3/BooksTracker.xcodeproj
    

SwiftCompile normal arm64 /Users/juju/dev_repos/books-v3/BooksTrackerPackage/Sources/BooksTrackerFeature/API/BooksTrackAPI.swift (in target 'BooksTrackerFeature' from project 'BooksTrackerFeature')
    cd /Users/juju/dev_repos/books-v3/BooksTracker.xcodeproj
    

SwiftCompile normal arm64 /Users/juju/dev_repos/books-v3/BooksTrackerPackage/Sources/BooksTrackerFeature/API/DTOs.swift (in target 'BooksTrackerFeature' from project 'BooksTrackerFeature')
    cd /Users/juju/dev_repos/books-v3/BooksTracker.xcodeproj
    

SwiftCompile normal arm64 /Users/juju/dev_repos/books-v3/BooksTrackerPackage/Sources/BooksTrackerFeature/AboutMakerView.swift (in target 'BooksTrackerFeature' from project 'BooksTrackerFeature')
    cd /Users/juju/dev_repos/books-v3/BooksTracker.xcodeproj
    

SwiftCompile normal arm64 /Users/juju/dev_repos/books-v3/BooksTrackerPackage/Sources/BooksTrackerFeature/AcknowledgementsView.swift (in target 'BooksTrackerFeature' from project 'BooksTrackerFeature')
    cd /Users/juju/dev_repos/books-v3/BooksTracker.xcodeproj
    

SwiftCompile normal arm64 /Users/juju/dev_repos/books-v3/BooksTrackerPackage/Sources/BooksTrackerFeature/AdvancedSearchView.swift (in target 'BooksTrackerFeature' from project 'BooksTrackerFeature')
    cd /Users/juju/dev_repos/books-v3/BooksTracker.xcodeproj
    

SwiftCompile normal arm64 /Users/juju/dev_repos/books-v3/BooksTrackerPackage/Sources/BooksTrackerFeature/AnnotationsModule.swift (in target 'BooksTrackerFeature' from project 'BooksTrackerFeature')
    cd /Users/juju/dev_repos/books-v3/BooksTracker.xcodeproj
    

SwiftCompile normal arm64 /Users/juju/dev_repos/books-v3/BooksTrackerPackage/Sources/BooksTrackerFeature/Author.swift (in target 'BooksTrackerFeature' from project 'BooksTrackerFeature')
    cd /Users/juju/dev_repos/books-v3/BooksTracker.xcodeproj
    

SwiftCompile normal arm64 /Users/juju/dev_repos/books-v3/BooksTrackerPackage/Sources/BooksTrackerFeature/BentoGridView.swift (in target 'BooksTrackerFeature' from project 'BooksTrackerFeature')
    cd /Users/juju/dev_repos/books-v3/BooksTracker.xcodeproj
    

SwiftCompile normal arm64 /Users/juju/dev_repos/books-v3/BooksTrackerPackage/Sources/BooksTrackerFeature/BookActionsModule.swift (in target 'BooksTrackerFeature' from project 'BooksTrackerFeature')
    cd /Users/juju/dev_repos/books-v3/BooksTracker.xcodeproj
    

SwiftCompile normal arm64 /Users/juju/dev_repos/books-v3/BooksTrackerPackage/Sources/BooksTrackerFeature/BookshelfScanning/BatchCaptureView.swift (in target 'BooksTrackerFeature' from project 'BooksTrackerFeature')
    cd /Users/juju/dev_repos/books-v3/BooksTracker.xcodeproj
    

SwiftCompile normal arm64 /Users/juju/dev_repos/books-v3/BooksTrackerPackage/Sources/BooksTrackerFeature/BookshelfScanning/BookshelfScannerView.swift (in target 'BooksTrackerFeature' from project 'BooksTrackerFeature')
    cd /Users/juju/dev_repos/books-v3/BooksTracker.xcodeproj
    

SwiftCompile normal arm64 /Users/juju/dev_repos/books-v3/BooksTrackerPackage/Sources/BooksTrackerFeature/BookshelfScanning/BoundingBoxOverlayView.swift (in target 'BooksTrackerFeature' from project 'BooksTrackerFeature')
    cd /Users/juju/dev_repos/books-v3/BooksTracker.xcodeproj
    

SwiftCompile normal arm64 /Users/juju/dev_repos/books-v3/BooksTrackerPackage/Sources/BooksTrackerFeature/BookshelfScanning/Camera/BookshelfCameraPreview.swift (in target 'BooksTrackerFeature' from project 'BooksTrackerFeature')
    cd /Users/juju/dev_repos/books-v3/BooksTracker.xcodeproj
    

SwiftCompile normal arm64 /Users/juju/dev_repos/books-v3/BooksTrackerPackage/Sources/BooksTrackerFeature/BookshelfScanning/Camera/BookshelfCameraSessionManager.swift (in target 'BooksTrackerFeature' from project 'BooksTrackerFeature')
    cd /Users/juju/dev_repos/books-v3/BooksTracker.xcodeproj
    

SwiftCompile normal arm64 /Users/juju/dev_repos/books-v3/BooksTrackerPackage/Sources/BooksTrackerFeature/BookshelfScanning/Camera/BookshelfCameraView.swift (in target 'BooksTrackerFeature' from project 'BooksTrackerFeature')
    cd /Users/juju/dev_repos/books-v3/BooksTracker.xcodeproj
    

SwiftCompile normal arm64 /Users/juju/dev_repos/books-v3/BooksTrackerPackage/Sources/BooksTrackerFeature/BookshelfScanning/Camera/BookshelfCameraViewModel.swift (in target 'BooksTrackerFeature' from project 'BooksTrackerFeature')
    cd /Users/juju/dev_repos/books-v3/BooksTracker.xcodeproj
    

SwiftCompile normal arm64 /Users/juju/dev_repos/books-v3/BooksTrackerPackage/Sources/BooksTrackerFeature/BookshelfScanning/CombinedImportView.swift (in target 'BooksTrackerFeature' from project 'BooksTrackerFeature')
    cd /Users/juju/dev_repos/books-v3/BooksTracker.xcodeproj
    

** BUILD FAILED **


The following build commands failed:
	SwiftCompile normal arm64 Compiling\ APIError.swift,\ BooksTrackAPI+Enrichment.swift,\ BooksTrackAPI+Import.swift,\ BooksTrackAPI+Search.swift,\ BooksTrackAPI.swift,\ DTOs.swift,\ AboutMakerView.swift,\ AcknowledgementsView.swift,\ AdvancedSearchView.swift,\ AnnotationsModule.swift,\ Author.swift,\ BentoGridView.swift,\ BookActionsModule.swift,\ BatchCaptureView.swift,\ BookshelfScannerView.swift,\ BoundingBoxOverlayView.swift,\ BookshelfCameraPreview.swift,\ BookshelfCameraSessionManager.swift,\ BookshelfCameraView.swift,\ BookshelfCameraViewModel.swift,\ CombinedImportView.swift /Users/juju/dev_repos/books-v3/BooksTrackerPackage/Sources/BooksTrackerFeature/API/APIError.swift /Users/juju/dev_repos/books-v3/BooksTrackerPackage/Sources/BooksTrackerFeature/API/BooksTrackAPI+Enrichment.swift /Users/juju/dev_repos/books-v3/BooksTrackerPackage/Sources/BooksTrackerFeature/API/BooksTrackAPI+Import.swift /Users/juju/dev_repos/books-v3/BooksTrackerPackage/Sources/BooksTrackerFeature/API/BooksTrackAPI+Search.swift /Users/juju/dev_repos/books-v3/BooksTrackerPackage/Sources/BooksTrackerFeature/API/BooksTrackAPI.swift /Users/juju/dev_repos/books-v3/BooksTrackerPackage/Sources/BooksTrackerFeature/API/DTOs.swift /Users/juju/dev_repos/books-v3/BooksTrackerPackage/Sources/BooksTrackerFeature/AboutMakerView.swift /Users/juju/dev_repos/books-v3/BooksTrackerPackage/Sources/BooksTrackerFeature/AcknowledgementsView.swift /Users/juju/dev_repos/books-v3/BooksTrackerPackage/Sources/BooksTrackerFeature/AdvancedSearchView.swift /Users/juju/dev_repos/books-v3/BooksTrackerPackage/Sources/BooksTrackerFeature/AnnotationsModule.swift /Users/juju/dev_repos/books-v3/BooksTrackerPackage/Sources/BooksTrackerFeature/Author.swift /Users/juju/dev_repos/books-v3/BooksTrackerPackage/Sources/BooksTrackerFeature/BentoGridView.swift /Users/juju/dev_repos/books-v3/BooksTrackerPackage/Sources/BooksTrackerFeature/BookActionsModule.swift /Users/juju/dev_repos/books-v3/BooksTrackerPackage/Sources/BooksTrackerFeature/BookshelfScanning/BatchCaptureView.swift /Users/juju/dev_repos/books-v3/BooksTrackerPackage/Sources/BooksTrackerFeature/BookshelfScanning/BookshelfScannerView.swift /Users/juju/dev_repos/books-v3/BooksTrackerPackage/Sources/BooksTrackerFeature/BookshelfScanning/BoundingBoxOverlayView.swift /Users/juju/dev_repos/books-v3/BooksTrackerPackage/Sources/BooksTrackerFeature/BookshelfScanning/Camera/BookshelfCameraPreview.swift /Users/juju/dev_repos/books-v3/BooksTrackerPackage/Sources/BooksTrackerFeature/BookshelfScanning/Camera/BookshelfCameraSessionManager.swift /Users/juju/dev_repos/books-v3/BooksTrackerPackage/Sources/BooksTrackerFeature/BookshelfScanning/Camera/BookshelfCameraView.swift /Users/juju/dev_repos/books-v3/BooksTrackerPackage/Sources/BooksTrackerFeature/BookshelfScanning/Camera/BookshelfCameraViewModel.swift /Users/juju/dev_repos/books-v3/BooksTrackerPackage/Sources/BooksTrackerFeature/BookshelfScanning/CombinedImportView.swift (in target 'BooksTrackerFeature' from project 'BooksTrackerFeature')
	SwiftCompile normal arm64 /Users/juju/dev_repos/books-v3/BooksTrackerPackage/Sources/BooksTrackerFeature/API/BooksTrackAPI+Enrichment.swift (in target 'BooksTrackerFeature' from project 'BooksTrackerFeature')
	SwiftCompile normal arm64 /Users/juju/dev_repos/books-v3/BooksTrackerPackage/Sources/BooksTrackerFeature/API/BooksTrackAPI+Import.swift (in target 'BooksTrackerFeature' from project 'BooksTrackerFeature')
	Building project BooksTracker with scheme BooksTracker and configuration Debug
(4 failures)
